333172972
333172974
 
           ##################################################
           #      AMPT (A Multi-Phase Transport) model      #
           #          Version 2.26t7 (StringMelting)        #
           #               10/28/2016                       #
           ##################################################
            
 # Read in NSEED in HIJING at run time (e.g. 20030819):
 #   read in:  333172974


          **************************************************
          *     |      |       _______      /  ------/     *
          *   ----- ------     |_____|     /_/     /       *
          *    |||    /        |_____|      /    / |       *
          *    /| |  /_/       /_______    /_  /    |      *
          *   / |     / /     /  /  / |        -------     *
          *     |    / /|       /  /  |     /     |        *
          *     |   / /  |     /  /  _|    /   -------     *
          *                                                *
          **************************************************
                                HIJING                      
                 Heavy Ion Jet INteraction Generator        
                                  by                        
                      X. N. Wang  and  M. Gyulassy           
                       Lawrence Berkeley Laboratory           


     MDCY(C221,1)   changed from              1 to              0
     MDCY(C313,1)   changed from              1 to              0
     MDCY(C-313,1)  changed from              0 to              0
     MDCY(C323,1)   changed from              1 to              0
     MDCY(C-323,1)  changed from              0 to              0
     MDCY(C311,1)   changed from              1 to              0
     MDCY(C-311,1)  changed from              0 to              0
     MDCY(C1114,1)  changed from              1 to              0
     MDCY(C2114,1)  changed from              1 to              0
     MDCY(C2214,1)  changed from              1 to              0
     MDCY(C2224,1)  changed from              1 to              0
     MDCY(C-1114,1) changed from              0 to              0
     MDCY(C-2114,1) changed from              0 to              0
     MDCY(C-2214,1) changed from              0 to              0
     MDCY(C-2224,1) changed from              0 to              0
     MDCY(C213,1)   changed from              1 to              0
     MDCY(C-213,1)  changed from              0 to              0
     MDCY(C113,1)   changed from              1 to              0
     MDCY(C223,1)   changed from              1 to              0
     MDCY(C333,1)   changed from              1 to              0
     MDCY(C111,1)   changed from              1 to              0
     MDCY(C310,1)   changed from              1 to              0
     MDCY(C411,1)   changed from              1 to              0
     MDCY(C-411,1)  changed from              0 to              0
     MDCY(C421,1)   changed from              1 to              0
     MDCY(C-421,1)  changed from              0 to              0
     MDCY(C431,1)   changed from              1 to              0
     MDCY(C-431,1)  changed from              0 to              0
     MDCY(C511,1)   changed from              1 to              0
     MDCY(C-511,1)  changed from              0 to              0
     MDCY(C521,1)   changed from              1 to              0
     MDCY(C-521,1)  changed from              0 to              0
     MDCY(C531,1)   changed from              1 to              0
     MDCY(C-531,1)  changed from              0 to              0
     MDCY(C3122,1)  changed from              1 to              0
     MDCY(C-3122,1) changed from              0 to              0
     MDCY(C3112,1)  changed from              1 to              0
     MDCY(C-3112,1) changed from              0 to              0
     MDCY(C3212,1)  changed from              1 to              0
     MDCY(C-3212,1) changed from              0 to              0
     MDCY(C3222,1)  changed from              1 to              0
     MDCY(C-3222,1) changed from              0 to              0
     MDCY(C3312,1)  changed from              1 to              0
     MDCY(C-3312,1) changed from              0 to              0
     MDCY(C3322,1)  changed from              1 to              0
     MDCY(C-3322,1) changed from              0 to              0
     MDCY(C3334,1)  changed from              1 to              0
     MDCY(C-3334,1) changed from              0 to              0
     MDCY(C441,1)   changed from              1 to              0
     MDCY(C443,1)   changed from              1 to              0
     MDCY(C413,1)   changed from              1 to              0
     MDCY(C-413,1)  changed from              0 to              0
     MDCY(C423,1)   changed from              1 to              0
     MDCY(C-423,1)  changed from              0 to              0
     MDCY(C433,1)   changed from              1 to              0
     MDCY(C-433,1)  changed from              0 to              0
     MDCY(C4112,1)  changed from              1 to              0
     MDCY(C-4112,1) changed from              0 to              0
     MDCY(C4114,1)  changed from              1 to              0
     MDCY(C-4114,1) changed from              0 to              0
     MDCY(C4122,1)  changed from              1 to              0
     MDCY(C-4122,1) changed from              0 to              0
     MDCY(C4212,1)  changed from              1 to              0
     MDCY(C-4212,1) changed from              0 to              0
     MDCY(C4214,1)  changed from              1 to              0
     MDCY(C-4214,1) changed from              0 to              0
     MDCY(C4222,1)  changed from              1 to              0
     MDCY(C-4222,1) changed from              0 to              0
     MDCY(C4224,1)  changed from              1 to              0
     MDCY(C-4224,1) changed from              0 to              0
     MDCY(C4132,1)  changed from              1 to              0
     MDCY(C-4132,1) changed from              0 to              0
     MDCY(C4312,1)  changed from              1 to              0
     MDCY(C-4312,1) changed from              0 to              0
     MDCY(C4314,1)  changed from              1 to              0
     MDCY(C-4314,1) changed from              0 to              0
     MDCY(C4232,1)  changed from              1 to              0
     MDCY(C-4232,1) changed from              0 to              0
     MDCY(C4322,1)  changed from              1 to              0
     MDCY(C-4322,1) changed from              0 to              0
     MDCY(C4324,1)  changed from              1 to              0
     MDCY(C-4324,1) changed from              0 to              0
     MDCY(C4332,1)  changed from              1 to              0
     MDCY(C-4332,1) changed from              0 to              0
     MDCY(C4334,1)  changed from              1 to              0
     MDCY(C-4334,1) changed from              0 to              0
     MDCY(C551,1)   changed from              1 to              0
     MDCY(C553,1)   changed from              1 to              0
     MDCY(C513,1)   changed from              1 to              0
     MDCY(C-513,1)  changed from              0 to              0
     MDCY(C523,1)   changed from              1 to              0
     MDCY(C-523,1)  changed from              0 to              0
     MDCY(C533,1)   changed from              1 to              0
     MDCY(C-533,1)  changed from              0 to              0
     MDCY(C5112,1)  changed from              1 to              0
     MDCY(C-5112,1) changed from              0 to              0
     MDCY(C5114,1)  changed from              1 to              0
     MDCY(C-5114,1) changed from              0 to              0
     MDCY(C5122,1)  changed from              1 to              0
     MDCY(C-5122,1) changed from              0 to              0
     MDCY(C5212,1)  changed from              1 to              0
     MDCY(C-5212,1) changed from              0 to              0
     MDCY(C5214,1)  changed from              1 to              0
     MDCY(C-5214,1) changed from              0 to              0
     MDCY(C5222,1)  changed from              1 to              0
     MDCY(C-5222,1) changed from              0 to              0
     MDCY(C5224,1)  changed from              1 to              0
     MDCY(C-5224,1) changed from              0 to              0
          **************************************************
          *                                                *
          *         HIJING has been initialized at         *
          *             Ecm =     200.00 GeV/n             *
          *                                                *
          *        for A   (197, 79) + A   ( 64, 29)       *
          **************************************************
  EVENT  1, RUN  1
 #impact parameter,nlop,ncolt=  5.27150249 0 178
 In PYINIT: BEAM,TARGET= P               N               

 ******** PYMAXI: summary of differential cross-section maximum search ********

           ==========================================================
           I                                      I                 I
           I  ISUB  Subprocess name               I  Maximum value  I
           I                                      I                 I
           ==========================================================
           I                                      I                 I
           I   11   f + f' -> f + f'              I    4.9718E+00   I
           I   12   f + fb -> f' + fb'            I    5.7342E-03   I
           I   13   f + fb -> g + g               I    6.8549E-02   I
           I   14   f + fb -> g + gamma           I    8.3283E-04   I
           I   18   f + fb -> gamma + gamma       I    3.3438E-06   I
           I   28   f + g -> f + g                I    2.2202E+01   I
           I   29   f + g -> f + gamma            I    7.4919E-03   I
           I   53   g + g -> f + fb               I    1.9216E-01   I
           I   68   g + g -> g + g                I    2.5880E+01   I
           I   81   q + qb -> Q + QB, massive     I    3.6768E-03   I
           I   82   g + g -> Q + QB, massive      I    1.0604E-01   I
           I                                      I                 I
           ==========================================================
 In PYINIT: BEAM,TARGET= P               P               

 ******** PYMAXI: summary of differential cross-section maximum search ********

           ==========================================================
           I                                      I                 I
           I  ISUB  Subprocess name               I  Maximum value  I
           I                                      I                 I
           ==========================================================
           I                                      I                 I
           I   11   f + f' -> f + f'              I    4.9850E+00   I
           I   12   f + fb -> f' + fb'            I    5.7342E-03   I
           I   13   f + fb -> g + g               I    6.8549E-02   I
           I   14   f + fb -> g + gamma           I    8.9451E-04   I
           I   18   f + fb -> gamma + gamma       I    3.7609E-06   I
           I   28   f + g -> f + g                I    2.2202E+01   I
           I   29   f + g -> f + gamma            I    7.8743E-03   I
           I   53   g + g -> f + fb               I    1.9216E-01   I
           I   68   g + g -> g + g                I    2.5880E+01   I
           I   81   q + qb -> Q + QB, massive     I    3.6768E-03   I
           I   82   g + g -> Q + QB, massive      I    1.0604E-01   I
           I                                      I                 I
           ==========================================================
 In PYINIT: BEAM,TARGET= N               N               

 ******** PYMAXI: summary of differential cross-section maximum search ********

           ==========================================================
           I                                      I                 I
           I  ISUB  Subprocess name               I  Maximum value  I
           I                                      I                 I
           ==========================================================
           I                                      I                 I
           I   11   f + f' -> f + f'              I    4.9850E+00   I
           I   12   f + fb -> f' + fb'            I    5.7342E-03   I
           I   13   f + fb -> g + g               I    6.8549E-02   I
           I   14   f + fb -> g + gamma           I    7.5542E-04   I
           I   18   f + fb -> gamma + gamma       I    2.8969E-06   I
           I   28   f + g -> f + g                I    2.2202E+01   I
           I   29   f + g -> f + gamma            I    7.0693E-03   I
           I   53   g + g -> f + fb               I    1.9216E-01   I
           I   68   g + g -> g + g                I    2.5880E+01   I
           I   81   q + qb -> Q + QB, massive     I    3.6768E-03   I
           I   82   g + g -> Q + QB, massive      I    1.0604E-01   I
           I                                      I                 I
           ==========================================================
 In PYINIT: BEAM,TARGET= N               P               

 ******** PYMAXI: summary of differential cross-section maximum search ********

           ==========================================================
           I                                      I                 I
           I  ISUB  Subprocess name               I  Maximum value  I
           I                                      I                 I
           ==========================================================
           I                                      I                 I
           I   11   f + f' -> f + f'              I    4.9718E+00   I
           I   12   f + fb -> f' + fb'            I    5.7342E-03   I
           I   13   f + fb -> g + g               I    6.8549E-02   I
           I   14   f + fb -> g + gamma           I    8.3283E-04   I
           I   18   f + fb -> gamma + gamma       I    3.3438E-06   I
           I   28   f + g -> f + g                I    2.2202E+01   I
           I   29   f + g -> f + gamma            I    7.4919E-03   I
           I   53   g + g -> f + fb               I    1.9216E-01   I
           I   68   g + g -> g + g                I    2.5880E+01   I
           I   81   q + qb -> Q + QB, massive     I    3.6768E-03   I
           I   82   g + g -> Q + QB, massive      I    1.0604E-01   I
           I                                      I                 I
           ==========================================================
 satisfied:EATT(GeV),NATT,B(fm)=  26065.043 1559  5.27150249
  
  EVENT  2, RUN  1
 #impact parameter,nlop,ncolt=  5.30290699 0 228
 satisfied:EATT(GeV),NATT,B(fm)=  26065.5566 1578  5.30290699
  
  EVENT  3, RUN  1
 #impact parameter,nlop,ncolt=  7.44576216 0 95
 satisfied:EATT(GeV),NATT,B(fm)=  26051.9727 998  7.44576216
  
  EVENT  4, RUN  1
 #impact parameter,nlop,ncolt=  7.78824472 0 69
 satisfied:EATT(GeV),NATT,B(fm)=  26078.625 794  7.78824472
  
  EVENT  5, RUN  1
 #impact parameter,nlop,ncolt=  5.94738865 0 204
 satisfied:EATT(GeV),NATT,B(fm)=  26056.7012 1693  5.94738865
  
  EVENT  6, RUN  1
 #impact parameter,nlop,ncolt=  4.04724312 0 267
 satisfied:EATT(GeV),NATT,B(fm)=  26069.3828 1875  4.04724312
  
  EVENT  7, RUN  1
 #impact parameter,nlop,ncolt=  4.69603634 0 318
 satisfied:EATT(GeV),NATT,B(fm)=  26098.0215 2148  4.69603634
  
  EVENT  8, RUN  1
 #impact parameter,nlop,ncolt=  7.62933397 0 88
 satisfied:EATT(GeV),NATT,B(fm)=  26087.6328 975  7.62933397
  
  EVENT  9, RUN  1
 #impact parameter,nlop,ncolt=  4.24275923 0 328
 satisfied:EATT(GeV),NATT,B(fm)=  26098.7695 2464  4.24275923
  
  EVENT  10, RUN  1
 #impact parameter,nlop,ncolt=  4.94116449 0 293
 satisfied:EATT(GeV),NATT,B(fm)=  26077.707 2082  4.94116449
  
  EVENT  11, RUN  1
 #impact parameter,nlop,ncolt=  3.48379302 0 342
 satisfied:EATT(GeV),NATT,B(fm)=  26108.2734 2485  3.48379302
  
  EVENT  12, RUN  1
 #impact parameter,nlop,ncolt=  7.78972197 0 92
 satisfied:EATT(GeV),NATT,B(fm)=  26057.8809 943  7.78972197
  
  EVENT  13, RUN  1
 #impact parameter,nlop,ncolt=  2.41719985 0 428
 satisfied:EATT(GeV),NATT,B(fm)=  26143.916 2911  2.41719985
  
  EVENT  14, RUN  1
 #impact parameter,nlop,ncolt=  7.72216463 0 113
 satisfied:EATT(GeV),NATT,B(fm)=  26068.6406 1094  7.72216463
  
  EVENT  15, RUN  1
 #impact parameter,nlop,ncolt=  6.70902395 0 160
 satisfied:EATT(GeV),NATT,B(fm)=  26065.2051 1263  6.70902395
  
  EVENT  16, RUN  1
 #impact parameter,nlop,ncolt=  4.53650141 0 241
 satisfied:EATT(GeV),NATT,B(fm)=  26061.834 1974  4.53650141
  
  EVENT  17, RUN  1
 #impact parameter,nlop,ncolt=  4.75339651 0 302
 satisfied:EATT(GeV),NATT,B(fm)=  26111.8281 1933  4.75339651
  
  EVENT  18, RUN  1
 #impact parameter,nlop,ncolt=  4.90496397 0 283
 satisfied:EATT(GeV),NATT,B(fm)=  26098.8711 1783  4.90496397
  
  EVENT  19, RUN  1
 #impact parameter,nlop,ncolt=  1.06908846 0 446
 satisfied:EATT(GeV),NATT,B(fm)=  26123.4199 2754  1.06908846
  
  EVENT  20, RUN  1
 #impact parameter,nlop,ncolt=  6.75259256 0 180
 satisfied:EATT(GeV),NATT,B(fm)=  26073.0176 1395  6.75259256
  
  EVENT  21, RUN  1
 #impact parameter,nlop,ncolt=  3.73331165 0 350
 satisfied:EATT(GeV),NATT,B(fm)=  26091.5586 2515  3.73331165
  
  EVENT  22, RUN  1
 #impact parameter,nlop,ncolt=  7.27808046 0 118
 satisfied:EATT(GeV),NATT,B(fm)=  26087.6816 1370  7.27808046
  
  EVENT  23, RUN  1
 #impact parameter,nlop,ncolt=  1.34932852 0 451
 satisfied:EATT(GeV),NATT,B(fm)=  26156.6523 2694  1.34932852
  
  EVENT  24, RUN  1
 #impact parameter,nlop,ncolt=  6.82025766 0 142
 satisfied:EATT(GeV),NATT,B(fm)=  26021.1094 1279  6.82025766
  
  EVENT  25, RUN  1
 #impact parameter,nlop,ncolt=  5.38638353 0 182
 satisfied:EATT(GeV),NATT,B(fm)=  26042.7461 1692  5.38638353
  
  EVENT  26, RUN  1
 #impact parameter,nlop,ncolt=  3.28295207 0 366
 satisfied:EATT(GeV),NATT,B(fm)=  26092.0195 2425  3.28295207
  
  EVENT  27, RUN  1
 #impact parameter,nlop,ncolt=  0.516020358 0 416
 satisfied:EATT(GeV),NATT,B(fm)=  26049.0254 2712  0.516020358
  
  EVENT  28, RUN  1
 #impact parameter,nlop,ncolt=  1.45702159 0 459
 satisfied:EATT(GeV),NATT,B(fm)=  26108.1738 2874  1.45702159
  
  EVENT  29, RUN  1
 #impact parameter,nlop,ncolt=  6.44475222 0 160
 satisfied:EATT(GeV),NATT,B(fm)=  26096.6641 1306  6.44475222
  
  EVENT  30, RUN  1
 #impact parameter,nlop,ncolt=  4.84309292 0 242
 satisfied:EATT(GeV),NATT,B(fm)=  26095.459 1945  4.84309292
  
  EVENT  31, RUN  1
 #impact parameter,nlop,ncolt=  5.08369923 0 243
 satisfied:EATT(GeV),NATT,B(fm)=  26069.2676 1845  5.08369923
  
  EVENT  32, RUN  1
 #impact parameter,nlop,ncolt=  5.463871 0 150
 satisfied:EATT(GeV),NATT,B(fm)=  26075.3359 1320  5.463871
  
  EVENT  33, RUN  1
 #impact parameter,nlop,ncolt=  4.89189577 0 272
 satisfied:EATT(GeV),NATT,B(fm)=  26074.7793 2001  4.89189577
  
  EVENT  34, RUN  1
 #impact parameter,nlop,ncolt=  7.6654911 0 97
 satisfied:EATT(GeV),NATT,B(fm)=  26067.7734 1118  7.6654911
  
  EVENT  35, RUN  1
 #impact parameter,nlop,ncolt=  3.3369348 0 327
 satisfied:EATT(GeV),NATT,B(fm)=  26090.5957 2041  3.3369348
  
  EVENT  36, RUN  1
 #impact parameter,nlop,ncolt=  4.25934458 0 241
 satisfied:EATT(GeV),NATT,B(fm)=  26077.0801 1886  4.25934458
  
  EVENT  37, RUN  1
 #impact parameter,nlop,ncolt=  3.71419239 0 303
 satisfied:EATT(GeV),NATT,B(fm)=  26090.918 2054  3.71419239
  
  EVENT  38, RUN  1
 #impact parameter,nlop,ncolt=  3.5752008 0 308
 satisfied:EATT(GeV),NATT,B(fm)=  26079.3379 1993  3.5752008
  
  EVENT  39, RUN  1
 #impact parameter,nlop,ncolt=  7.03087902 0 103
 satisfied:EATT(GeV),NATT,B(fm)=  26059.5098 1232  7.03087902
  
  EVENT  40, RUN  1
 #impact parameter,nlop,ncolt=  5.32284832 0 177
 satisfied:EATT(GeV),NATT,B(fm)=  26076.7402 1675  5.32284832
  
  EVENT  41, RUN  1
 #impact parameter,nlop,ncolt=  6.39196301 0 164
 satisfied:EATT(GeV),NATT,B(fm)=  26109.168 1463  6.39196301
  
  EVENT  42, RUN  1
 #impact parameter,nlop,ncolt=  6.55228806 0 125
 satisfied:EATT(GeV),NATT,B(fm)=  26079.4922 1304  6.55228806
  
  EVENT  43, RUN  1
 #impact parameter,nlop,ncolt=  6.75844288 0 109
 satisfied:EATT(GeV),NATT,B(fm)=  26053.4297 1169  6.75844288
  
  EVENT  44, RUN  1
 #impact parameter,nlop,ncolt=  2.58337307 0 384
 satisfied:EATT(GeV),NATT,B(fm)=  26028.7363 2619  2.58337307
  
  EVENT  45, RUN  1
 #impact parameter,nlop,ncolt=  5.53824615 0 224
 satisfied:EATT(GeV),NATT,B(fm)=  26073.7129 1828  5.53824615
  
  EVENT  46, RUN  1
 #impact parameter,nlop,ncolt=  3.90840292 0 298
 satisfied:EATT(GeV),NATT,B(fm)=  26085.8301 2147  3.90840292
  
  EVENT  47, RUN  1
 #impact parameter,nlop,ncolt=  3.40256023 0 297
 satisfied:EATT(GeV),NATT,B(fm)=  26111.8828 1972  3.40256023
  
  EVENT  48, RUN  1
 #impact parameter,nlop,ncolt=  7.62562084 0 118
 satisfied:EATT(GeV),NATT,B(fm)=  26062.9277 1292  7.62562084
  
  EVENT  49, RUN  1
 #impact parameter,nlop,ncolt=  2.41801953 0 442
 satisfied:EATT(GeV),NATT,B(fm)=  26108.6562 2695  2.41801953
  
  EVENT  50, RUN  1
 #impact parameter,nlop,ncolt=  4.04280186 0 310
 satisfied:EATT(GeV),NATT,B(fm)=  26063.6543 2093  4.04280186
  
  EVENT  51, RUN  1
 #impact parameter,nlop,ncolt=  6.50162077 0 153
 satisfied:EATT(GeV),NATT,B(fm)=  26071.252 1344  6.50162077
  
  EVENT  52, RUN  1
 #impact parameter,nlop,ncolt=  6.66140604 0 132
 satisfied:EATT(GeV),NATT,B(fm)=  26094.1895 1212  6.66140604
  
  EVENT  53, RUN  1
 #impact parameter,nlop,ncolt=  7.47513723 0 76
 satisfied:EATT(GeV),NATT,B(fm)=  26077.8691 832  7.47513723
  
  EVENT  54, RUN  1
 #impact parameter,nlop,ncolt=  2.71747279 0 351
 satisfied:EATT(GeV),NATT,B(fm)=  26090.0078 2238  2.71747279
  
  EVENT  55, RUN  1
 #impact parameter,nlop,ncolt=  2.90864015 0 416
 satisfied:EATT(GeV),NATT,B(fm)=  26097.1348 2756  2.90864015
  
  EVENT  56, RUN  1
 #impact parameter,nlop,ncolt=  5.0824976 0 273
 satisfied:EATT(GeV),NATT,B(fm)=  26088.4512 1972  5.0824976
  
  EVENT  57, RUN  1
 #impact parameter,nlop,ncolt=  4.99826956 0 264
 satisfied:EATT(GeV),NATT,B(fm)=  26091.9902 1820  4.99826956
  
  EVENT  58, RUN  1
 #impact parameter,nlop,ncolt=  7.12068319 0 99
 satisfied:EATT(GeV),NATT,B(fm)=  26096.1016 1083  7.12068319
  
  EVENT  59, RUN  1
 #impact parameter,nlop,ncolt=  0.977632463 0 441
 satisfied:EATT(GeV),NATT,B(fm)=  26101.3281 2757  0.977632463
  
  EVENT  60, RUN  1
 #impact parameter,nlop,ncolt=  3.11255813 0 333
 satisfied:EATT(GeV),NATT,B(fm)=  26131.4121 2184  3.11255813
  
  EVENT  61, RUN  1
 #impact parameter,nlop,ncolt=  2.65291619 0 387
 satisfied:EATT(GeV),NATT,B(fm)=  26080.5684 2405  2.65291619
  
  EVENT  62, RUN  1
 #impact parameter,nlop,ncolt=  2.54927754 0 403
 satisfied:EATT(GeV),NATT,B(fm)=  26119.582 2747  2.54927754
  
  EVENT  63, RUN  1
 #impact parameter,nlop,ncolt=  7.72928858 0 88
 satisfied:EATT(GeV),NATT,B(fm)=  26059.5156 934  7.72928858
  
  EVENT  64, RUN  1
 #impact parameter,nlop,ncolt=  6.86113358 0 108
 satisfied:EATT(GeV),NATT,B(fm)=  26093.2246 1240  6.86113358
  
  EVENT  65, RUN  1
 #impact parameter,nlop,ncolt=  7.18541861 0 93
 satisfied:EATT(GeV),NATT,B(fm)=  26084.3281 908  7.18541861
  
  EVENT  66, RUN  1
 #impact parameter,nlop,ncolt=  7.36950111 0 116
 satisfied:EATT(GeV),NATT,B(fm)=  26064.9785 1045  7.36950111
  
  EVENT  67, RUN  1
 #impact parameter,nlop,ncolt=  6.57077074 0 158
 satisfied:EATT(GeV),NATT,B(fm)=  26091.7559 1478  6.57077074
  
  EVENT  68, RUN  1
 #impact parameter,nlop,ncolt=  3.58408356 0 271
 satisfied:EATT(GeV),NATT,B(fm)=  26061.8516 2074  3.58408356
  
  EVENT  69, RUN  1
 #impact parameter,nlop,ncolt=  2.04003453 0 385
 satisfied:EATT(GeV),NATT,B(fm)=  26044.8301 2709  2.04003453
  
  EVENT  70, RUN  1
 #impact parameter,nlop,ncolt=  6.89511395 0 105
 satisfied:EATT(GeV),NATT,B(fm)=  26075.0195 1045  6.89511395
  
  EVENT  71, RUN  1
 #impact parameter,nlop,ncolt=  7.17127991 0 117
 satisfied:EATT(GeV),NATT,B(fm)=  26081.5625 1229  7.17127991
  
  EVENT  72, RUN  1
 #impact parameter,nlop,ncolt=  7.57167864 0 50
 satisfied:EATT(GeV),NATT,B(fm)=  26075.9609 890  7.57167864
  
  EVENT  73, RUN  1
 #impact parameter,nlop,ncolt=  4.98800802 0 188
 satisfied:EATT(GeV),NATT,B(fm)=  26051.1133 1819  4.98800802
  
  EVENT  74, RUN  1
 #impact parameter,nlop,ncolt=  4.98577213 0 295
 satisfied:EATT(GeV),NATT,B(fm)=  26083.7031 2057  4.98577213
  
  EVENT  75, RUN  1
 #impact parameter,nlop,ncolt=  4.98849297 0 273
 satisfied:EATT(GeV),NATT,B(fm)=  26100.9316 1814  4.98849297
  
  EVENT  76, RUN  1
 #impact parameter,nlop,ncolt=  6.85702896 0 96
 satisfied:EATT(GeV),NATT,B(fm)=  26060.877 990  6.85702896
  
  EVENT  77, RUN  1
 #impact parameter,nlop,ncolt=  4.07898521 0 305
 satisfied:EATT(GeV),NATT,B(fm)=  26095.3652 2310  4.07898521
  
  EVENT  78, RUN  1
 #impact parameter,nlop,ncolt=  6.0729847 0 127
 satisfied:EATT(GeV),NATT,B(fm)=  26076.3691 1395  6.0729847
  
  EVENT  79, RUN  1
 #impact parameter,nlop,ncolt=  6.40811539 0 166
 satisfied:EATT(GeV),NATT,B(fm)=  26096.6699 1351  6.40811539
  
  EVENT  80, RUN  1
 #impact parameter,nlop,ncolt=  3.70561862 0 354
 satisfied:EATT(GeV),NATT,B(fm)=  26095.8359 2337  3.70561862
  
  EVENT  81, RUN  1
 #impact parameter,nlop,ncolt=  6.21938419 0 165
 satisfied:EATT(GeV),NATT,B(fm)=  26082.7461 1560  6.21938419
  
  EVENT  82, RUN  1
 #impact parameter,nlop,ncolt=  2.10859799 0 460
 satisfied:EATT(GeV),NATT,B(fm)=  26136.5332 2795  2.10859799
  
  EVENT  83, RUN  1
 #impact parameter,nlop,ncolt=  7.88935518 0 56
 satisfied:EATT(GeV),NATT,B(fm)=  26078.0723 706  7.88935518
  
  EVENT  84, RUN  1
 #impact parameter,nlop,ncolt=  7.8868475 0 74
 satisfied:EATT(GeV),NATT,B(fm)=  26076.3867 918  7.8868475
  
  EVENT  85, RUN  1
 #impact parameter,nlop,ncolt=  3.62243295 0 332
 satisfied:EATT(GeV),NATT,B(fm)=  26135.1035 2268  3.62243295
  
  EVENT  86, RUN  1
 #impact parameter,nlop,ncolt=  6.36840343 0 202
 satisfied:EATT(GeV),NATT,B(fm)=  26090.0781 1504  6.36840343
  
  EVENT  87, RUN  1
 #impact parameter,nlop,ncolt=  3.39430213 0 270
 satisfied:EATT(GeV),NATT,B(fm)=  26068.6133 2256  3.39430213
  
  EVENT  88, RUN  1
 #impact parameter,nlop,ncolt=  1.86480105 0 468
 satisfied:EATT(GeV),NATT,B(fm)=  26080.1172 2861  1.86480105
  
  EVENT  89, RUN  1
 #impact parameter,nlop,ncolt=  3.24983406 0 378
 satisfied:EATT(GeV),NATT,B(fm)=  26168.6328 2636  3.24983406
  
  EVENT  90, RUN  1
 #impact parameter,nlop,ncolt=  2.78517199 0 332
 satisfied:EATT(GeV),NATT,B(fm)=  26080.5352 2439  2.78517199
  
  EVENT  91, RUN  1
 #impact parameter,nlop,ncolt=  2.08948183 0 440
 satisfied:EATT(GeV),NATT,B(fm)=  26149.0957 2909  2.08948183
  
  EVENT  92, RUN  1
 #impact parameter,nlop,ncolt=  6.37503767 0 223
 satisfied:EATT(GeV),NATT,B(fm)=  26094.7656 1799  6.37503767
  
  EVENT  93, RUN  1
 #impact parameter,nlop,ncolt=  4.3924942 0 349
 satisfied:EATT(GeV),NATT,B(fm)=  26143.2285 2316  4.3924942
  
  EVENT  94, RUN  1
 #impact parameter,nlop,ncolt=  6.31118774 0 150
 satisfied:EATT(GeV),NATT,B(fm)=  26098.3828 1335  6.31118774
  
  EVENT  95, RUN  1
 #impact parameter,nlop,ncolt=  7.82242393 0 95
 satisfied:EATT(GeV),NATT,B(fm)=  26069.1055 977  7.82242393
  
  EVENT  96, RUN  1
 #impact parameter,nlop,ncolt=  4.57409191 0 276
 satisfied:EATT(GeV),NATT,B(fm)=  26083.1582 2097  4.57409191
  
  EVENT  97, RUN  1
 #impact parameter,nlop,ncolt=  1.62468874 0 418
 satisfied:EATT(GeV),NATT,B(fm)=  26105.6348 2325  1.62468874
  
  EVENT  98, RUN  1
 #impact parameter,nlop,ncolt=  1.92741024 0 428
 satisfied:EATT(GeV),NATT,B(fm)=  26090.9297 2627  1.92741024
  
  EVENT  99, RUN  1
 #impact parameter,nlop,ncolt=  4.63964605 0 257
 satisfied:EATT(GeV),NATT,B(fm)=  26090.1348 1907  4.63964605
  
  EVENT  100, RUN  1
 #impact parameter,nlop,ncolt=  6.92250586 0 108
 satisfied:EATT(GeV),NATT,B(fm)=  26069.6191 1047  6.92250586
  
  EVENT  101, RUN  1
 #impact parameter,nlop,ncolt=  4.40757418 0 254
 satisfied:EATT(GeV),NATT,B(fm)=  26065.1445 1886  4.40757418
  
  EVENT  102, RUN  1
 #impact parameter,nlop,ncolt=  2.89133811 0 420
 satisfied:EATT(GeV),NATT,B(fm)=  26145.3105 2601  2.89133811
  
  EVENT  103, RUN  1
 #impact parameter,nlop,ncolt=  3.64923096 0 332
 satisfied:EATT(GeV),NATT,B(fm)=  26066.5918 2188  3.64923096
  
  EVENT  104, RUN  1
 #impact parameter,nlop,ncolt=  5.88289022 0 173
 satisfied:EATT(GeV),NATT,B(fm)=  26098.9277 1561  5.88289022
  
  EVENT  105, RUN  1
 #impact parameter,nlop,ncolt=  7.7035656 0 63
 satisfied:EATT(GeV),NATT,B(fm)=  26084.9766 852  7.7035656
  
  EVENT  106, RUN  1
 #impact parameter,nlop,ncolt=  2.21790385 0 400
 satisfied:EATT(GeV),NATT,B(fm)=  26123.9688 2615  2.21790385
  
  EVENT  107, RUN  1
 #impact parameter,nlop,ncolt=  4.43845415 0 330
 satisfied:EATT(GeV),NATT,B(fm)=  26097.5098 2356  4.43845415
  
  EVENT  108, RUN  1
 #impact parameter,nlop,ncolt=  5.11738348 0 208
 satisfied:EATT(GeV),NATT,B(fm)=  26120.5547 1610  5.11738348
  
  EVENT  109, RUN  1
 #impact parameter,nlop,ncolt=  5.88509703 0 246
 satisfied:EATT(GeV),NATT,B(fm)=  26099.6914 1858  5.88509703
  
  EVENT  110, RUN  1
 #impact parameter,nlop,ncolt=  3.98963881 0 304
 satisfied:EATT(GeV),NATT,B(fm)=  26111.1133 2042  3.98963881
  
  EVENT  111, RUN  1
 #impact parameter,nlop,ncolt=  7.7888422 0 69
 satisfied:EATT(GeV),NATT,B(fm)=  26079.002 798  7.7888422
  
  EVENT  112, RUN  1
 #impact parameter,nlop,ncolt=  3.78016949 0 286
 satisfied:EATT(GeV),NATT,B(fm)=  26089.082 1966  3.78016949
  
  EVENT  113, RUN  1
 #impact parameter,nlop,ncolt=  2.61517644 0 332
 satisfied:EATT(GeV),NATT,B(fm)=  26104.4473 2270  2.61517644
  
  EVENT  114, RUN  1
 #impact parameter,nlop,ncolt=  4.04272032 0 289
 satisfied:EATT(GeV),NATT,B(fm)=  26087.2598 2118  4.04272032
  
  EVENT  115, RUN  1
 #impact parameter,nlop,ncolt=  2.69251966 0 386
 satisfied:EATT(GeV),NATT,B(fm)=  26092.9551 2525  2.69251966
  
  EVENT  116, RUN  1
 #impact parameter,nlop,ncolt=  7.22052574 0 101
 satisfied:EATT(GeV),NATT,B(fm)=  26078.959 1147  7.22052574
  
  EVENT  117, RUN  1
 #impact parameter,nlop,ncolt=  6.71788216 0 132
 satisfied:EATT(GeV),NATT,B(fm)=  26069.9629 1116  6.71788216
  
  EVENT  118, RUN  1
 #impact parameter,nlop,ncolt=  4.96112061 0 264
 satisfied:EATT(GeV),NATT,B(fm)=  26078.5996 2028  4.96112061
  
  EVENT  119, RUN  1
 #impact parameter,nlop,ncolt=  6.61889553 0 122
 satisfied:EATT(GeV),NATT,B(fm)=  26084.4219 1338  6.61889553
  
  EVENT  120, RUN  1
 #impact parameter,nlop,ncolt=  7.99882841 0 93
 satisfied:EATT(GeV),NATT,B(fm)=  26073.7246 1010  7.99882841
  
  EVENT  121, RUN  1
 #impact parameter,nlop,ncolt=  1.47050893 0 367
 satisfied:EATT(GeV),NATT,B(fm)=  26065.0195 2531  1.47050893
  
  EVENT  122, RUN  1
 #impact parameter,nlop,ncolt=  1.98756003 0 328
 satisfied:EATT(GeV),NATT,B(fm)=  26114.6094 2598  1.98756003
  
  EVENT  123, RUN  1
 #impact parameter,nlop,ncolt=  6.70230579 0 156
 satisfied:EATT(GeV),NATT,B(fm)=  26067.1875 1289  6.70230579
  
  EVENT  124, RUN  1
 #impact parameter,nlop,ncolt=  4.27873898 0 265
 satisfied:EATT(GeV),NATT,B(fm)=  26097.3867 2081  4.27873898
  
  EVENT  125, RUN  1
 #impact parameter,nlop,ncolt=  6.87989521 0 127
 satisfied:EATT(GeV),NATT,B(fm)=  26076.8535 1319  6.87989521
  
  EVENT  126, RUN  1
 #impact parameter,nlop,ncolt=  7.19516516 0 123
 satisfied:EATT(GeV),NATT,B(fm)=  26062.5625 1208  7.19516516
  
  EVENT  127, RUN  1
 #impact parameter,nlop,ncolt=  7.3694768 0 88
 satisfied:EATT(GeV),NATT,B(fm)=  26090.7617 938  7.3694768
  
  EVENT  128, RUN  1
 #impact parameter,nlop,ncolt=  6.68042564 0 116
 satisfied:EATT(GeV),NATT,B(fm)=  26079.6992 1349  6.68042564
  
  EVENT  129, RUN  1
 #impact parameter,nlop,ncolt=  7.27639437 0 126
 satisfied:EATT(GeV),NATT,B(fm)=  26073.5879 1241  7.27639437
  
  EVENT  130, RUN  1
 #impact parameter,nlop,ncolt=  2.67132807 0 429
 satisfied:EATT(GeV),NATT,B(fm)=  26107.7578 2432  2.67132807
  
  EVENT  131, RUN  1
 #impact parameter,nlop,ncolt=  7.68598461 0 133
 satisfied:EATT(GeV),NATT,B(fm)=  26053.0703 1242  7.68598461
  
  EVENT  132, RUN  1
 #impact parameter,nlop,ncolt=  5.61252737 0 245
 satisfied:EATT(GeV),NATT,B(fm)=  26101.4648 1824  5.61252737
  
  EVENT  133, RUN  1
 #impact parameter,nlop,ncolt=  5.35630035 0 220
 satisfied:EATT(GeV),NATT,B(fm)=  26073.6953 1736  5.35630035
  
  EVENT  134, RUN  1
 #impact parameter,nlop,ncolt=  2.43912053 0 466
 satisfied:EATT(GeV),NATT,B(fm)=  26120.8496 3035  2.43912053
  
  EVENT  135, RUN  1
 #impact parameter,nlop,ncolt=  5.22928762 0 216
 satisfied:EATT(GeV),NATT,B(fm)=  26058.5059 1699  5.22928762
  
  EVENT  136, RUN  1
 #impact parameter,nlop,ncolt=  7.33490801 0 110
 satisfied:EATT(GeV),NATT,B(fm)=  26079.248 1109  7.33490801
  
  EVENT  137, RUN  1
 #impact parameter,nlop,ncolt=  3.22207046 0 358
 satisfied:EATT(GeV),NATT,B(fm)=  26123.293 2503  3.22207046
  
  EVENT  138, RUN  1
 #impact parameter,nlop,ncolt=  7.79608393 0 96
 satisfied:EATT(GeV),NATT,B(fm)=  26079.8281 1099  7.79608393
  
  EVENT  139, RUN  1
 #impact parameter,nlop,ncolt=  0.423323929 0 460
 satisfied:EATT(GeV),NATT,B(fm)=  26103.8867 2920  0.423323929
  
  EVENT  140, RUN  1
 #impact parameter,nlop,ncolt=  5.84009838 0 168
 satisfied:EATT(GeV),NATT,B(fm)=  26097.4473 1612  5.84009838
  
  EVENT  141, RUN  1
 #impact parameter,nlop,ncolt=  7.43940926 0 83
 satisfied:EATT(GeV),NATT,B(fm)=  26064.0918 981  7.43940926
  
  EVENT  142, RUN  1
 #impact parameter,nlop,ncolt=  6.48193598 0 169
 satisfied:EATT(GeV),NATT,B(fm)=  26088.8965 1533  6.48193598
  
  EVENT  143, RUN  1
 #impact parameter,nlop,ncolt=  6.74861479 0 146
 satisfied:EATT(GeV),NATT,B(fm)=  26073.1328 1213  6.74861479
  
  EVENT  144, RUN  1
 #impact parameter,nlop,ncolt=  7.26506805 0 139
 satisfied:EATT(GeV),NATT,B(fm)=  26055.0566 1399  7.26506805
  
  EVENT  145, RUN  1
 #impact parameter,nlop,ncolt=  7.26755285 0 121
 satisfied:EATT(GeV),NATT,B(fm)=  26086.7852 1205  7.26755285
  
  EVENT  146, RUN  1
 #impact parameter,nlop,ncolt=  4.52922392 0 342
 satisfied:EATT(GeV),NATT,B(fm)=  26111.8652 2252  4.52922392
  
  EVENT  147, RUN  1
 #impact parameter,nlop,ncolt=  5.35075998 0 182
 satisfied:EATT(GeV),NATT,B(fm)=  26064.0625 1677  5.35075998
  
  EVENT  148, RUN  1
 #impact parameter,nlop,ncolt=  3.15157413 0 314
 satisfied:EATT(GeV),NATT,B(fm)=  26109.0078 2091  3.15157413
  
  EVENT  149, RUN  1
 #impact parameter,nlop,ncolt=  7.72866249 0 107
 satisfied:EATT(GeV),NATT,B(fm)=  26093.9023 1103  7.72866249
  
  EVENT  150, RUN  1
 #impact parameter,nlop,ncolt=  5.54032373 0 198
 satisfied:EATT(GeV),NATT,B(fm)=  26088.4355 1609  5.54032373
  
  EVENT  151, RUN  1
 #impact parameter,nlop,ncolt=  7.11838341 0 85
 satisfied:EATT(GeV),NATT,B(fm)=  26079.8105 979  7.11838341
  
  EVENT  152, RUN  1
 #impact parameter,nlop,ncolt=  1.44564843 0 453
 satisfied:EATT(GeV),NATT,B(fm)=  26100.8789 2689  1.44564843
  
  EVENT  153, RUN  1
 #impact parameter,nlop,ncolt=  6.17441034 0 223
 satisfied:EATT(GeV),NATT,B(fm)=  26075.4102 1696  6.17441034
  
  EVENT  154, RUN  1
 #impact parameter,nlop,ncolt=  5.71161747 0 197
 satisfied:EATT(GeV),NATT,B(fm)=  26086.9199 1745  5.71161747
  
  EVENT  155, RUN  1
 #impact parameter,nlop,ncolt=  5.7218442 0 217
 satisfied:EATT(GeV),NATT,B(fm)=  26076.9551 1646  5.7218442
  
  EVENT  156, RUN  1
 #impact parameter,nlop,ncolt=  5.94089508 0 165
 satisfied:EATT(GeV),NATT,B(fm)=  26073.9648 1443  5.94089508
  
  EVENT  157, RUN  1
 #impact parameter,nlop,ncolt=  3.50495005 0 326
 satisfied:EATT(GeV),NATT,B(fm)=  26024.2012 2245  3.50495005
  
  EVENT  158, RUN  1
 #impact parameter,nlop,ncolt=  4.28326702 0 255
 satisfied:EATT(GeV),NATT,B(fm)=  26074.7637 1928  4.28326702
  
  EVENT  159, RUN  1
 #impact parameter,nlop,ncolt=  7.83940649 0 112
 satisfied:EATT(GeV),NATT,B(fm)=  26090.25 1307  7.83940649
  
  EVENT  160, RUN  1
 #impact parameter,nlop,ncolt=  5.9897871 0 153
 satisfied:EATT(GeV),NATT,B(fm)=  26055.793 1359  5.9897871
  
  EVENT  161, RUN  1
 #impact parameter,nlop,ncolt=  7.75098848 0 72
 satisfied:EATT(GeV),NATT,B(fm)=  26078.2129 1021  7.75098848
  
  EVENT  162, RUN  1
 #impact parameter,nlop,ncolt=  2.0954175 0 426
 satisfied:EATT(GeV),NATT,B(fm)=  26100.8672 2723  2.0954175
  
  EVENT  163, RUN  1
 #impact parameter,nlop,ncolt=  3.4287076 0 359
 satisfied:EATT(GeV),NATT,B(fm)=  26112.6133 2364  3.4287076
  
  EVENT  164, RUN  1
 #impact parameter,nlop,ncolt=  5.61005497 0 239
 satisfied:EATT(GeV),NATT,B(fm)=  26094.5605 1738  5.61005497
  
  EVENT  165, RUN  1
 #impact parameter,nlop,ncolt=  6.09744406 0 148
 satisfied:EATT(GeV),NATT,B(fm)=  26087.3555 1442  6.09744406
  
  EVENT  166, RUN  1
 #impact parameter,nlop,ncolt=  7.00810957 0 75
 satisfied:EATT(GeV),NATT,B(fm)=  26079.9121 816  7.00810957
  
  EVENT  167, RUN  1
 #impact parameter,nlop,ncolt=  7.50941753 0 107
 satisfied:EATT(GeV),NATT,B(fm)=  26085.0957 1143  7.50941753
  
  EVENT  168, RUN  1
 #impact parameter,nlop,ncolt=  4.95144176 0 331
 satisfied:EATT(GeV),NATT,B(fm)=  26104.2324 2145  4.95144176
  
  EVENT  169, RUN  1
 #impact parameter,nlop,ncolt=  6.64437485 0 137
 satisfied:EATT(GeV),NATT,B(fm)=  26052.666 1265  6.64437485
  
  EVENT  170, RUN  1
 #impact parameter,nlop,ncolt=  5.10572386 0 195
 satisfied:EATT(GeV),NATT,B(fm)=  26083.1973 1545  5.10572386
  
  EVENT  171, RUN  1
 #impact parameter,nlop,ncolt=  2.00021696 0 414
 satisfied:EATT(GeV),NATT,B(fm)=  26119.8828 2752  2.00021696
  
  EVENT  172, RUN  1
 #impact parameter,nlop,ncolt=  3.11822844 0 397
 satisfied:EATT(GeV),NATT,B(fm)=  26102.3242 2372  3.11822844
  
  EVENT  173, RUN  1
 #impact parameter,nlop,ncolt=  7.27310371 0 114
 satisfied:EATT(GeV),NATT,B(fm)=  26063.9473 1144  7.27310371
  
  EVENT  174, RUN  1
 #impact parameter,nlop,ncolt=  7.12187672 0 105
 satisfied:EATT(GeV),NATT,B(fm)=  26068.6816 1086  7.12187672
  
  EVENT  175, RUN  1
 #impact parameter,nlop,ncolt=  5.08338547 0 235
 satisfied:EATT(GeV),NATT,B(fm)=  26061.8242 1792  5.08338547
  
  EVENT  176, RUN  1
 #impact parameter,nlop,ncolt=  7.7305069 0 102
 satisfied:EATT(GeV),NATT,B(fm)=  26065.959 1048  7.7305069
  
  EVENT  177, RUN  1
 #impact parameter,nlop,ncolt=  7.87558079 0 92
 satisfied:EATT(GeV),NATT,B(fm)=  26060.9902 955  7.87558079
  
  EVENT  178, RUN  1
 #impact parameter,nlop,ncolt=  4.04128265 0 333
 satisfied:EATT(GeV),NATT,B(fm)=  26090.6074 2162  4.04128265
  
  EVENT  179, RUN  1
 #impact parameter,nlop,ncolt=  3.19924736 0 304
 satisfied:EATT(GeV),NATT,B(fm)=  26089.7988 2186  3.19924736
  
  EVENT  180, RUN  1
 #impact parameter,nlop,ncolt=  6.31204033 0 193
 satisfied:EATT(GeV),NATT,B(fm)=  26037.7188 1591  6.31204033
  
  EVENT  181, RUN  1
 #impact parameter,nlop,ncolt=  7.57766867 0 122
 satisfied:EATT(GeV),NATT,B(fm)=  26073.8008 1083  7.57766867
  
  EVENT  182, RUN  1
 #impact parameter,nlop,ncolt=  5.4298954 0 207
 satisfied:EATT(GeV),NATT,B(fm)=  26049.4902 1711  5.4298954
  
  EVENT  183, RUN  1
 #impact parameter,nlop,ncolt=  4.31855297 0 356
 satisfied:EATT(GeV),NATT,B(fm)=  26092.1309 2273  4.31855297
  
  EVENT  184, RUN  1
 #impact parameter,nlop,ncolt=  5.01058292 0 230
 satisfied:EATT(GeV),NATT,B(fm)=  26091.4043 2018  5.01058292
  
  EVENT  185, RUN  1
 #impact parameter,nlop,ncolt=  6.1942606 0 191
 satisfied:EATT(GeV),NATT,B(fm)=  26084.1367 1475  6.1942606
  
  EVENT  186, RUN  1
 #impact parameter,nlop,ncolt=  6.85427904 0 109
 satisfied:EATT(GeV),NATT,B(fm)=  26042.9727 1273  6.85427904
  
  EVENT  187, RUN  1
 #impact parameter,nlop,ncolt=  7.83170176 0 59
 satisfied:EATT(GeV),NATT,B(fm)=  26073.9375 808  7.83170176
  
  EVENT  188, RUN  1
 #impact parameter,nlop,ncolt=  4.41731548 0 309
 satisfied:EATT(GeV),NATT,B(fm)=  26086.9727 2252  4.41731548
  
  EVENT  189, RUN  1
 #impact parameter,nlop,ncolt=  3.68057847 0 291
 satisfied:EATT(GeV),NATT,B(fm)=  26090.9727 2061  3.68057847
  
  EVENT  190, RUN  1
 #impact parameter,nlop,ncolt=  6.64415503 0 111
 satisfied:EATT(GeV),NATT,B(fm)=  26067.8418 1156  6.64415503
  
  EVENT  191, RUN  1
 #impact parameter,nlop,ncolt=  5.11366558 0 250
 satisfied:EATT(GeV),NATT,B(fm)=  26080.1172 1735  5.11366558
  
  EVENT  192, RUN  1
 #impact parameter,nlop,ncolt=  7.90962839 0 127
 satisfied:EATT(GeV),NATT,B(fm)=  26067.832 1156  7.90962839
  
  EVENT  193, RUN  1
 #impact parameter,nlop,ncolt=  5.71802664 0 189
 satisfied:EATT(GeV),NATT,B(fm)=  26069.4238 1616  5.71802664
  
  EVENT  194, RUN  1
 #impact parameter,nlop,ncolt=  7.32361746 0 82
 satisfied:EATT(GeV),NATT,B(fm)=  26056.7461 1064  7.32361746
  
  EVENT  195, RUN  1
 #impact parameter,nlop,ncolt=  1.89168799 0 397
 satisfied:EATT(GeV),NATT,B(fm)=  26142.9062 2846  1.89168799
  
  EVENT  196, RUN  1
 #impact parameter,nlop,ncolt=  5.98488951 0 182
 satisfied:EATT(GeV),NATT,B(fm)=  26058.8594 1460  5.98488951
  
  EVENT  197, RUN  1
 #impact parameter,nlop,ncolt=  5.74760675 0 191
 satisfied:EATT(GeV),NATT,B(fm)=  26070.127 1581  5.74760675
  
  EVENT  198, RUN  1
 #impact parameter,nlop,ncolt=  7.54116678 0 113
 satisfied:EATT(GeV),NATT,B(fm)=  26074.7461 1149  7.54116678
  
  EVENT  199, RUN  1
 #impact parameter,nlop,ncolt=  7.09763718 0 135
 satisfied:EATT(GeV),NATT,B(fm)=  26068.5859 1203  7.09763718
  
  EVENT  200, RUN  1
 #impact parameter,nlop,ncolt=  4.67081785 0 231
  in HJANA1 
  total number of partons =  371
  total number of gluons =  356
  number of independent strings =  11
  in HJANA2 
  total number of partons =  3492
  total number of gluons =  0
  number of independent strings =  1751
 satisfied:EATT(GeV),NATT,B(fm)=  26116.0332 1757  4.67081785
  
A136
#  AMPT started at  Fri Sep 1 14:17:18 CST 2017
#  AMPT Program finished at  Fri Sep 1 14:56:05 CST 2017
