1141717
1141717
 
           ##################################################
           #      AMPT (A Multi-Phase Transport) model      #
           #          Version 2.26t7 (StringMelting)        #
           #               10/28/2016                       #
           ##################################################
            
 # Read in NSEED in HIJING at run time (e.g. 20030819):
 #   read in:  1141717


          **************************************************
          *     |      |       _______      /  ------/     *
          *   ----- ------     |_____|     /_/     /       *
          *    |||    /        |_____|      /    / |       *
          *    /| |  /_/       /_______    /_  /    |      *
          *   / |     / /     /  /  / |        -------     *
          *     |    / /|       /  /  |     /     |        *
          *     |   / /  |     /  /  _|    /   -------     *
          *                                                *
          **************************************************
                                HIJING                      
                 Heavy Ion Jet INteraction Generator        
                                  by                        
                      X. N. Wang  and  M. Gyulassy           
                       Lawrence Berkeley Laboratory           


     MDCY(C221,1)   changed from              1 to              0
     MDCY(C313,1)   changed from              1 to              0
     MDCY(C-313,1)  changed from              0 to              0
     MDCY(C323,1)   changed from              1 to              0
     MDCY(C-323,1)  changed from              0 to              0
     MDCY(C311,1)   changed from              1 to              0
     MDCY(C-311,1)  changed from              0 to              0
     MDCY(C1114,1)  changed from              1 to              0
     MDCY(C2114,1)  changed from              1 to              0
     MDCY(C2214,1)  changed from              1 to              0
     MDCY(C2224,1)  changed from              1 to              0
     MDCY(C-1114,1) changed from              0 to              0
     MDCY(C-2114,1) changed from              0 to              0
     MDCY(C-2214,1) changed from              0 to              0
     MDCY(C-2224,1) changed from              0 to              0
     MDCY(C213,1)   changed from              1 to              0
     MDCY(C-213,1)  changed from              0 to              0
     MDCY(C113,1)   changed from              1 to              0
     MDCY(C223,1)   changed from              1 to              0
     MDCY(C333,1)   changed from              1 to              0
     MDCY(C111,1)   changed from              1 to              0
     MDCY(C310,1)   changed from              1 to              0
     MDCY(C411,1)   changed from              1 to              0
     MDCY(C-411,1)  changed from              0 to              0
     MDCY(C421,1)   changed from              1 to              0
     MDCY(C-421,1)  changed from              0 to              0
     MDCY(C431,1)   changed from              1 to              0
     MDCY(C-431,1)  changed from              0 to              0
     MDCY(C511,1)   changed from              1 to              0
     MDCY(C-511,1)  changed from              0 to              0
     MDCY(C521,1)   changed from              1 to              0
     MDCY(C-521,1)  changed from              0 to              0
     MDCY(C531,1)   changed from              1 to              0
     MDCY(C-531,1)  changed from              0 to              0
     MDCY(C3122,1)  changed from              1 to              0
     MDCY(C-3122,1) changed from              0 to              0
     MDCY(C3112,1)  changed from              1 to              0
     MDCY(C-3112,1) changed from              0 to              0
     MDCY(C3212,1)  changed from              1 to              0
     MDCY(C-3212,1) changed from              0 to              0
     MDCY(C3222,1)  changed from              1 to              0
     MDCY(C-3222,1) changed from              0 to              0
     MDCY(C3312,1)  changed from              1 to              0
     MDCY(C-3312,1) changed from              0 to              0
     MDCY(C3322,1)  changed from              1 to              0
     MDCY(C-3322,1) changed from              0 to              0
     MDCY(C3334,1)  changed from              1 to              0
     MDCY(C-3334,1) changed from              0 to              0
     MDCY(C441,1)   changed from              1 to              0
     MDCY(C443,1)   changed from              1 to              0
     MDCY(C413,1)   changed from              1 to              0
     MDCY(C-413,1)  changed from              0 to              0
     MDCY(C423,1)   changed from              1 to              0
     MDCY(C-423,1)  changed from              0 to              0
     MDCY(C433,1)   changed from              1 to              0
     MDCY(C-433,1)  changed from              0 to              0
     MDCY(C4112,1)  changed from              1 to              0
     MDCY(C-4112,1) changed from              0 to              0
     MDCY(C4114,1)  changed from              1 to              0
     MDCY(C-4114,1) changed from              0 to              0
     MDCY(C4122,1)  changed from              1 to              0
     MDCY(C-4122,1) changed from              0 to              0
     MDCY(C4212,1)  changed from              1 to              0
     MDCY(C-4212,1) changed from              0 to              0
     MDCY(C4214,1)  changed from              1 to              0
     MDCY(C-4214,1) changed from              0 to              0
     MDCY(C4222,1)  changed from              1 to              0
     MDCY(C-4222,1) changed from              0 to              0
     MDCY(C4224,1)  changed from              1 to              0
     MDCY(C-4224,1) changed from              0 to              0
     MDCY(C4132,1)  changed from              1 to              0
     MDCY(C-4132,1) changed from              0 to              0
     MDCY(C4312,1)  changed from              1 to              0
     MDCY(C-4312,1) changed from              0 to              0
     MDCY(C4314,1)  changed from              1 to              0
     MDCY(C-4314,1) changed from              0 to              0
     MDCY(C4232,1)  changed from              1 to              0
     MDCY(C-4232,1) changed from              0 to              0
     MDCY(C4322,1)  changed from              1 to              0
     MDCY(C-4322,1) changed from              0 to              0
     MDCY(C4324,1)  changed from              1 to              0
     MDCY(C-4324,1) changed from              0 to              0
     MDCY(C4332,1)  changed from              1 to              0
     MDCY(C-4332,1) changed from              0 to              0
     MDCY(C4334,1)  changed from              1 to              0
     MDCY(C-4334,1) changed from              0 to              0
     MDCY(C551,1)   changed from              1 to              0
     MDCY(C553,1)   changed from              1 to              0
     MDCY(C513,1)   changed from              1 to              0
     MDCY(C-513,1)  changed from              0 to              0
     MDCY(C523,1)   changed from              1 to              0
     MDCY(C-523,1)  changed from              0 to              0
     MDCY(C533,1)   changed from              1 to              0
     MDCY(C-533,1)  changed from              0 to              0
     MDCY(C5112,1)  changed from              1 to              0
     MDCY(C-5112,1) changed from              0 to              0
     MDCY(C5114,1)  changed from              1 to              0
     MDCY(C-5114,1) changed from              0 to              0
     MDCY(C5122,1)  changed from              1 to              0
     MDCY(C-5122,1) changed from              0 to              0
     MDCY(C5212,1)  changed from              1 to              0
     MDCY(C-5212,1) changed from              0 to              0
     MDCY(C5214,1)  changed from              1 to              0
     MDCY(C-5214,1) changed from              0 to              0
     MDCY(C5222,1)  changed from              1 to              0
     MDCY(C-5222,1) changed from              0 to              0
     MDCY(C5224,1)  changed from              1 to              0
     MDCY(C-5224,1) changed from              0 to              0
          **************************************************
          *                                                *
          *         HIJING has been initialized at         *
          *             Ecm =     200.00 GeV/n             *
          *                                                *
          *        for A   (197, 79) + A   ( 64, 29)       *
          **************************************************
  EVENT  1, RUN  1
 #impact parameter,nlop,ncolt=  2.58086872 0 407
 In PYINIT: BEAM,TARGET= P               N               

 ******** PYMAXI: summary of differential cross-section maximum search ********

           ==========================================================
           I                                      I                 I
           I  ISUB  Subprocess name               I  Maximum value  I
           I                                      I                 I
           ==========================================================
           I                                      I                 I
           I   11   f + f' -> f + f'              I    4.9718E+00   I
           I   12   f + fb -> f' + fb'            I    5.7342E-03   I
           I   13   f + fb -> g + g               I    6.8549E-02   I
           I   14   f + fb -> g + gamma           I    8.3283E-04   I
           I   18   f + fb -> gamma + gamma       I    3.3438E-06   I
           I   28   f + g -> f + g                I    2.2202E+01   I
           I   29   f + g -> f + gamma            I    7.4919E-03   I
           I   53   g + g -> f + fb               I    1.9216E-01   I
           I   68   g + g -> g + g                I    2.5880E+01   I
           I   81   q + qb -> Q + QB, massive     I    3.6768E-03   I
           I   82   g + g -> Q + QB, massive      I    1.0604E-01   I
           I                                      I                 I
           ==========================================================
 In PYINIT: BEAM,TARGET= P               P               

 ******** PYMAXI: summary of differential cross-section maximum search ********

           ==========================================================
           I                                      I                 I
           I  ISUB  Subprocess name               I  Maximum value  I
           I                                      I                 I
           ==========================================================
           I                                      I                 I
           I   11   f + f' -> f + f'              I    4.9850E+00   I
           I   12   f + fb -> f' + fb'            I    5.7342E-03   I
           I   13   f + fb -> g + g               I    6.8549E-02   I
           I   14   f + fb -> g + gamma           I    8.9451E-04   I
           I   18   f + fb -> gamma + gamma       I    3.7609E-06   I
           I   28   f + g -> f + g                I    2.2202E+01   I
           I   29   f + g -> f + gamma            I    7.8743E-03   I
           I   53   g + g -> f + fb               I    1.9216E-01   I
           I   68   g + g -> g + g                I    2.5880E+01   I
           I   81   q + qb -> Q + QB, massive     I    3.6768E-03   I
           I   82   g + g -> Q + QB, massive      I    1.0604E-01   I
           I                                      I                 I
           ==========================================================
 In PYINIT: BEAM,TARGET= N               P               

 ******** PYMAXI: summary of differential cross-section maximum search ********

           ==========================================================
           I                                      I                 I
           I  ISUB  Subprocess name               I  Maximum value  I
           I                                      I                 I
           ==========================================================
           I                                      I                 I
           I   11   f + f' -> f + f'              I    4.9718E+00   I
           I   12   f + fb -> f' + fb'            I    5.7342E-03   I
           I   13   f + fb -> g + g               I    6.8549E-02   I
           I   14   f + fb -> g + gamma           I    8.3283E-04   I
           I   18   f + fb -> gamma + gamma       I    3.3438E-06   I
           I   28   f + g -> f + g                I    2.2202E+01   I
           I   29   f + g -> f + gamma            I    7.4919E-03   I
           I   53   g + g -> f + fb               I    1.9216E-01   I
           I   68   g + g -> g + g                I    2.5880E+01   I
           I   81   q + qb -> Q + QB, massive     I    3.6768E-03   I
           I   82   g + g -> Q + QB, massive      I    1.0604E-01   I
           I                                      I                 I
           ==========================================================
 In PYINIT: BEAM,TARGET= N               N               

 ******** PYMAXI: summary of differential cross-section maximum search ********

           ==========================================================
           I                                      I                 I
           I  ISUB  Subprocess name               I  Maximum value  I
           I                                      I                 I
           ==========================================================
           I                                      I                 I
           I   11   f + f' -> f + f'              I    4.9850E+00   I
           I   12   f + fb -> f' + fb'            I    5.7342E-03   I
           I   13   f + fb -> g + g               I    6.8549E-02   I
           I   14   f + fb -> g + gamma           I    7.5542E-04   I
           I   18   f + fb -> gamma + gamma       I    2.8969E-06   I
           I   28   f + g -> f + g                I    2.2202E+01   I
           I   29   f + g -> f + gamma            I    7.0693E-03   I
           I   53   g + g -> f + fb               I    1.9216E-01   I
           I   68   g + g -> g + g                I    2.5880E+01   I
           I   81   q + qb -> Q + QB, massive     I    3.6768E-03   I
           I   82   g + g -> Q + QB, massive      I    1.0604E-01   I
           I                                      I                 I
           ==========================================================
 satisfied:EATT(GeV),NATT,B(fm)=  26095.2246 2400  2.58086872
  
  EVENT  2, RUN  1
 #impact parameter,nlop,ncolt=  5.75681067 0 267
 satisfied:EATT(GeV),NATT,B(fm)=  26096.6211 1934  5.75681067
  
  EVENT  3, RUN  1
 #impact parameter,nlop,ncolt=  3.45299125 0 290
 satisfied:EATT(GeV),NATT,B(fm)=  26102.2949 2110  3.45299125
  
  EVENT  4, RUN  1
 #impact parameter,nlop,ncolt=  5.24345922 0 224
 satisfied:EATT(GeV),NATT,B(fm)=  26070.2383 1913  5.24345922
  
  EVENT  5, RUN  1
 #impact parameter,nlop,ncolt=  6.23223925 0 153
 satisfied:EATT(GeV),NATT,B(fm)=  26096.7324 1407  6.23223925
  
  EVENT  6, RUN  1
 #impact parameter,nlop,ncolt=  1.65828657 0 412
 satisfied:EATT(GeV),NATT,B(fm)=  26117.8809 2816  1.65828657
  
  EVENT  7, RUN  1
 #impact parameter,nlop,ncolt=  3.44390988 0 291
 satisfied:EATT(GeV),NATT,B(fm)=  26094.4453 2213  3.44390988
  
  EVENT  8, RUN  1
 #impact parameter,nlop,ncolt=  7.85340357 0 78
 satisfied:EATT(GeV),NATT,B(fm)=  26070.7598 866  7.85340357
  
  EVENT  9, RUN  1
 #impact parameter,nlop,ncolt=  7.27367449 0 102
 satisfied:EATT(GeV),NATT,B(fm)=  26080.7246 1251  7.27367449
  
  EVENT  10, RUN  1
 #impact parameter,nlop,ncolt=  0.790567756 0 459
 satisfied:EATT(GeV),NATT,B(fm)=  26095.6387 3006  0.790567756
  
  EVENT  11, RUN  1
 #impact parameter,nlop,ncolt=  5.99647713 0 176
 satisfied:EATT(GeV),NATT,B(fm)=  26073.1191 1606  5.99647713
  
  EVENT  12, RUN  1
 #impact parameter,nlop,ncolt=  7.50114727 0 82
 satisfied:EATT(GeV),NATT,B(fm)=  26060.5059 1032  7.50114727
  
  EVENT  13, RUN  1
 #impact parameter,nlop,ncolt=  3.36969352 0 361
 satisfied:EATT(GeV),NATT,B(fm)=  26098.0957 2367  3.36969352
  
  EVENT  14, RUN  1
 #impact parameter,nlop,ncolt=  5.86372089 0 159
 satisfied:EATT(GeV),NATT,B(fm)=  26072.2969 1409  5.86372089
  
  EVENT  15, RUN  1
 #impact parameter,nlop,ncolt=  1.41592145 0 386
 satisfied:EATT(GeV),NATT,B(fm)=  26100.5684 2889  1.41592145
  
  EVENT  16, RUN  1
 #impact parameter,nlop,ncolt=  6.00383902 0 178
 satisfied:EATT(GeV),NATT,B(fm)=  26057.5566 1409  6.00383902
  
  EVENT  17, RUN  1
 #impact parameter,nlop,ncolt=  6.28578615 0 193
 satisfied:EATT(GeV),NATT,B(fm)=  26101.8984 1495  6.28578615
  
  EVENT  18, RUN  1
 #impact parameter,nlop,ncolt=  5.35210276 0 192
 satisfied:EATT(GeV),NATT,B(fm)=  26083.3438 1510  5.35210276
  
  EVENT  19, RUN  1
 #impact parameter,nlop,ncolt=  6.29690599 0 193
 satisfied:EATT(GeV),NATT,B(fm)=  26102.1777 1652  6.29690599
  
  EVENT  20, RUN  1
 #impact parameter,nlop,ncolt=  4.94191456 0 305
 satisfied:EATT(GeV),NATT,B(fm)=  26114.3438 2050  4.94191456
  
  EVENT  21, RUN  1
 #impact parameter,nlop,ncolt=  7.65414333 0 70
 satisfied:EATT(GeV),NATT,B(fm)=  26063.7754 836  7.65414333
  
  EVENT  22, RUN  1
 #impact parameter,nlop,ncolt=  3.99483061 0 294
 satisfied:EATT(GeV),NATT,B(fm)=  26069.4316 2156  3.99483061
  
  EVENT  23, RUN  1
 #impact parameter,nlop,ncolt=  7.84782839 0 71
 satisfied:EATT(GeV),NATT,B(fm)=  26075.1914 910  7.84782839
  
  EVENT  24, RUN  1
 #impact parameter,nlop,ncolt=  3.06427288 0 357
 satisfied:EATT(GeV),NATT,B(fm)=  26121.9219 2568  3.06427288
  
  EVENT  25, RUN  1
 #impact parameter,nlop,ncolt=  2.43560767 0 392
 satisfied:EATT(GeV),NATT,B(fm)=  26074.1855 2550  2.43560767
  
  EVENT  26, RUN  1
 #impact parameter,nlop,ncolt=  5.75097704 0 188
 satisfied:EATT(GeV),NATT,B(fm)=  26061.0742 1506  5.75097704
  
  EVENT  27, RUN  1
 #impact parameter,nlop,ncolt=  2.83839655 0 342
 satisfied:EATT(GeV),NATT,B(fm)=  26078.0137 2190  2.83839655
  
  EVENT  28, RUN  1
 #impact parameter,nlop,ncolt=  1.78317082 0 439
 satisfied:EATT(GeV),NATT,B(fm)=  26094.2305 2612  1.78317082
  
  EVENT  29, RUN  1
 #impact parameter,nlop,ncolt=  4.09984112 0 286
 satisfied:EATT(GeV),NATT,B(fm)=  26092.6055 1865  4.09984112
  
  EVENT  30, RUN  1
 #impact parameter,nlop,ncolt=  4.72752571 0 220
 satisfied:EATT(GeV),NATT,B(fm)=  26084.1152 1861  4.72752571
  
  EVENT  31, RUN  1
 #impact parameter,nlop,ncolt=  6.34330988 0 165
 satisfied:EATT(GeV),NATT,B(fm)=  26002.1621 1604  6.34330988
  
  EVENT  32, RUN  1
 #impact parameter,nlop,ncolt=  7.71800852 0 87
 satisfied:EATT(GeV),NATT,B(fm)=  26032.6914 975  7.71800852
  
  EVENT  33, RUN  1
 #impact parameter,nlop,ncolt=  7.18873167 0 92
 satisfied:EATT(GeV),NATT,B(fm)=  26058.6953 1091  7.18873167
  
  EVENT  34, RUN  1
 #impact parameter,nlop,ncolt=  5.82513094 0 196
 satisfied:EATT(GeV),NATT,B(fm)=  26063.3359 1685  5.82513094
  
  EVENT  35, RUN  1
 #impact parameter,nlop,ncolt=  3.25277877 0 382
 satisfied:EATT(GeV),NATT,B(fm)=  26090.6992 2477  3.25277877
  
  EVENT  36, RUN  1
 #impact parameter,nlop,ncolt=  6.18652153 0 145
 satisfied:EATT(GeV),NATT,B(fm)=  26079.3809 1131  6.18652153
  
  EVENT  37, RUN  1
 #impact parameter,nlop,ncolt=  1.5357306 0 410
 satisfied:EATT(GeV),NATT,B(fm)=  26132.877 2798  1.5357306
  
  EVENT  38, RUN  1
 #impact parameter,nlop,ncolt=  3.55278087 0 327
 satisfied:EATT(GeV),NATT,B(fm)=  26085.3613 2347  3.55278087
  
  EVENT  39, RUN  1
 #impact parameter,nlop,ncolt=  5.98168612 0 240
 satisfied:EATT(GeV),NATT,B(fm)=  26125.6582 1928  5.98168612
  
  EVENT  40, RUN  1
 #impact parameter,nlop,ncolt=  5.70132732 0 222
 satisfied:EATT(GeV),NATT,B(fm)=  26093.4688 1803  5.70132732
  
  EVENT  41, RUN  1
 #impact parameter,nlop,ncolt=  7.40767765 0 83
 satisfied:EATT(GeV),NATT,B(fm)=  26060.4355 961  7.40767765
  
  EVENT  42, RUN  1
 #impact parameter,nlop,ncolt=  5.39412165 0 207
 satisfied:EATT(GeV),NATT,B(fm)=  26087.4102 1921  5.39412165
  
  EVENT  43, RUN  1
 #impact parameter,nlop,ncolt=  6.93326855 0 103
 satisfied:EATT(GeV),NATT,B(fm)=  26068.0215 1047  6.93326855
  
  EVENT  44, RUN  1
 #impact parameter,nlop,ncolt=  5.94110632 0 138
 satisfied:EATT(GeV),NATT,B(fm)=  26070.2383 1262  5.94110632
  
  EVENT  45, RUN  1
 #impact parameter,nlop,ncolt=  5.57122946 0 167
 satisfied:EATT(GeV),NATT,B(fm)=  26086.8281 1302  5.57122946
  
  EVENT  46, RUN  1
 #impact parameter,nlop,ncolt=  5.87017488 0 213
 satisfied:EATT(GeV),NATT,B(fm)=  26096.1699 1742  5.87017488
  
  EVENT  47, RUN  1
 #impact parameter,nlop,ncolt=  4.57859755 0 367
 satisfied:EATT(GeV),NATT,B(fm)=  26112.8066 2122  4.57859755
  
  EVENT  48, RUN  1
 #impact parameter,nlop,ncolt=  4.26886892 0 306
 satisfied:EATT(GeV),NATT,B(fm)=  26116.4062 2180  4.26886892
  
  EVENT  49, RUN  1
 #impact parameter,nlop,ncolt=  7.59176683 0 90
 satisfied:EATT(GeV),NATT,B(fm)=  26068.8027 959  7.59176683
  
  EVENT  50, RUN  1
 #impact parameter,nlop,ncolt=  1.18912697 0 476
 satisfied:EATT(GeV),NATT,B(fm)=  26183.8711 2727  1.18912697
  
  EVENT  51, RUN  1
 #impact parameter,nlop,ncolt=  7.09947109 0 100
 satisfied:EATT(GeV),NATT,B(fm)=  26072.9902 1119  7.09947109
  
  EVENT  52, RUN  1
 #impact parameter,nlop,ncolt=  3.63296461 0 323
 satisfied:EATT(GeV),NATT,B(fm)=  26073.1875 2007  3.63296461
  
  EVENT  53, RUN  1
 #impact parameter,nlop,ncolt=  6.94710445 0 111
 satisfied:EATT(GeV),NATT,B(fm)=  26018.5566 1058  6.94710445
  
  EVENT  54, RUN  1
 #impact parameter,nlop,ncolt=  4.80772543 0 270
 satisfied:EATT(GeV),NATT,B(fm)=  26091.9531 2016  4.80772543
  
  EVENT  55, RUN  1
 #impact parameter,nlop,ncolt=  5.56483841 0 240
 satisfied:EATT(GeV),NATT,B(fm)=  26104.1816 2026  5.56483841
  
  EVENT  56, RUN  1
 #impact parameter,nlop,ncolt=  4.28531027 0 297
 satisfied:EATT(GeV),NATT,B(fm)=  26094.3262 1913  4.28531027
  
  EVENT  57, RUN  1
 #impact parameter,nlop,ncolt=  6.7162571 0 147
 satisfied:EATT(GeV),NATT,B(fm)=  26064.4512 1264  6.7162571
  
  EVENT  58, RUN  1
 #impact parameter,nlop,ncolt=  5.12344027 0 213
 satisfied:EATT(GeV),NATT,B(fm)=  26090.5508 1821  5.12344027
  
  EVENT  59, RUN  1
 #impact parameter,nlop,ncolt=  7.47641516 0 121
 satisfied:EATT(GeV),NATT,B(fm)=  26087.5859 1273  7.47641516
  
  EVENT  60, RUN  1
 #impact parameter,nlop,ncolt=  6.21411705 0 158
 satisfied:EATT(GeV),NATT,B(fm)=  26073.7363 1344  6.21411705
  
  EVENT  61, RUN  1
 #impact parameter,nlop,ncolt=  7.79343224 0 93
 satisfied:EATT(GeV),NATT,B(fm)=  26059.2324 983  7.79343224
  
  EVENT  62, RUN  1
 #impact parameter,nlop,ncolt=  2.97345042 0 337
 satisfied:EATT(GeV),NATT,B(fm)=  26087.5664 2345  2.97345042
  
  EVENT  63, RUN  1
 #impact parameter,nlop,ncolt=  6.85188675 0 138
 satisfied:EATT(GeV),NATT,B(fm)=  26063.7793 1368  6.85188675
  
  EVENT  64, RUN  1
 #impact parameter,nlop,ncolt=  6.55315256 0 94
 satisfied:EATT(GeV),NATT,B(fm)=  26059.7129 1108  6.55315256
  
  EVENT  65, RUN  1
 #impact parameter,nlop,ncolt=  5.48272943 0 210
 satisfied:EATT(GeV),NATT,B(fm)=  26103.0215 1784  5.48272943
  
  EVENT  66, RUN  1
 #impact parameter,nlop,ncolt=  6.31544304 0 194
 satisfied:EATT(GeV),NATT,B(fm)=  26073.7812 1482  6.31544304
  
  EVENT  67, RUN  1
 #impact parameter,nlop,ncolt=  3.80969501 0 318
 satisfied:EATT(GeV),NATT,B(fm)=  26133.416 2142  3.80969501
  
  EVENT  68, RUN  1
 #impact parameter,nlop,ncolt=  4.39778614 0 266
 satisfied:EATT(GeV),NATT,B(fm)=  26079.4023 2117  4.39778614
  
  EVENT  69, RUN  1
 #impact parameter,nlop,ncolt=  7.62886572 0 103
 satisfied:EATT(GeV),NATT,B(fm)=  26083.0879 1111  7.62886572
  
  EVENT  70, RUN  1
 #impact parameter,nlop,ncolt=  2.20757246 0 349
 satisfied:EATT(GeV),NATT,B(fm)=  26114.7305 2412  2.20757246
  
  EVENT  71, RUN  1
 #impact parameter,nlop,ncolt=  3.68874884 0 295
 satisfied:EATT(GeV),NATT,B(fm)=  26054.6777 2112  3.68874884
  
  EVENT  72, RUN  1
 #impact parameter,nlop,ncolt=  5.36560488 0 188
 satisfied:EATT(GeV),NATT,B(fm)=  26090.0723 1484  5.36560488
  
  EVENT  73, RUN  1
 #impact parameter,nlop,ncolt=  5.61438894 0 154
 satisfied:EATT(GeV),NATT,B(fm)=  26065.3633 1334  5.61438894
  
  EVENT  74, RUN  1
 #impact parameter,nlop,ncolt=  2.88772964 0 388
 satisfied:EATT(GeV),NATT,B(fm)=  26075.8105 2535  2.88772964
  
  EVENT  75, RUN  1
 #impact parameter,nlop,ncolt=  5.87827206 0 212
 satisfied:EATT(GeV),NATT,B(fm)=  26049.9082 1608  5.87827206
  
  EVENT  76, RUN  1
 #impact parameter,nlop,ncolt=  1.76826119 0 421
 satisfied:EATT(GeV),NATT,B(fm)=  26105.0078 2604  1.76826119
  
  EVENT  77, RUN  1
 #impact parameter,nlop,ncolt=  6.22279406 0 156
 satisfied:EATT(GeV),NATT,B(fm)=  26070.6211 1297  6.22279406
  
  EVENT  78, RUN  1
 #impact parameter,nlop,ncolt=  3.17079639 0 286
 satisfied:EATT(GeV),NATT,B(fm)=  26082.3906 2238  3.17079639
  
  EVENT  79, RUN  1
 #impact parameter,nlop,ncolt=  7.55309296 0 100
 satisfied:EATT(GeV),NATT,B(fm)=  26073.127 1034  7.55309296
  
  EVENT  80, RUN  1
 #impact parameter,nlop,ncolt=  6.63329172 0 94
 satisfied:EATT(GeV),NATT,B(fm)=  26050.959 963  6.63329172
  
  EVENT  81, RUN  1
 #impact parameter,nlop,ncolt=  5.22133446 0 260
 satisfied:EATT(GeV),NATT,B(fm)=  26056.0605 1806  5.22133446
  
  EVENT  82, RUN  1
 #impact parameter,nlop,ncolt=  6.26321507 0 174
 satisfied:EATT(GeV),NATT,B(fm)=  26025.373 1473  6.26321507
  
  EVENT  83, RUN  1
 #impact parameter,nlop,ncolt=  7.74060583 0 94
 satisfied:EATT(GeV),NATT,B(fm)=  26072.9355 1000  7.74060583
  
  EVENT  84, RUN  1
 #impact parameter,nlop,ncolt=  6.13418913 0 157
 satisfied:EATT(GeV),NATT,B(fm)=  26091.4941 1556  6.13418913
  
  EVENT  85, RUN  1
 #impact parameter,nlop,ncolt=  5.90486717 0 187
 satisfied:EATT(GeV),NATT,B(fm)=  26106.7578 1790  5.90486717
  
  EVENT  86, RUN  1
 #impact parameter,nlop,ncolt=  7.9710784 0 70
 satisfied:EATT(GeV),NATT,B(fm)=  26066.5 948  7.9710784
  
  EVENT  87, RUN  1
 #impact parameter,nlop,ncolt=  4.46101856 0 303
 satisfied:EATT(GeV),NATT,B(fm)=  26097.7031 2061  4.46101856
  
  EVENT  88, RUN  1
 #impact parameter,nlop,ncolt=  7.2472868 0 130
 satisfied:EATT(GeV),NATT,B(fm)=  26066.3477 1165  7.2472868
  
  EVENT  89, RUN  1
 #impact parameter,nlop,ncolt=  2.79519081 0 430
 satisfied:EATT(GeV),NATT,B(fm)=  26132.5488 2636  2.79519081
  
  EVENT  90, RUN  1
 #impact parameter,nlop,ncolt=  5.02245665 0 251
 satisfied:EATT(GeV),NATT,B(fm)=  26107.877 1891  5.02245665
  
  EVENT  91, RUN  1
 #impact parameter,nlop,ncolt=  4.44976807 0 271
 satisfied:EATT(GeV),NATT,B(fm)=  26100.916 2124  4.44976807
  
  EVENT  92, RUN  1
 #impact parameter,nlop,ncolt=  4.98077679 0 218
 satisfied:EATT(GeV),NATT,B(fm)=  26049.9863 1781  4.98077679
  
  EVENT  93, RUN  1
 #impact parameter,nlop,ncolt=  5.83251572 0 173
 satisfied:EATT(GeV),NATT,B(fm)=  26060.2695 1455  5.83251572
  
  EVENT  94, RUN  1
 #impact parameter,nlop,ncolt=  7.77136946 0 99
 satisfied:EATT(GeV),NATT,B(fm)=  26075.8535 926  7.77136946
  
  EVENT  95, RUN  1
 #impact parameter,nlop,ncolt=  7.15980911 0 145
 satisfied:EATT(GeV),NATT,B(fm)=  26078.3379 1221  7.15980911
  
  EVENT  96, RUN  1
 #impact parameter,nlop,ncolt=  6.73311996 0 166
 satisfied:EATT(GeV),NATT,B(fm)=  26061.3867 1393  6.73311996
  
  EVENT  97, RUN  1
 #impact parameter,nlop,ncolt=  6.41661406 0 155
 satisfied:EATT(GeV),NATT,B(fm)=  26058.3086 1354  6.41661406
  
  EVENT  98, RUN  1
 #impact parameter,nlop,ncolt=  4.25674534 0 242
 satisfied:EATT(GeV),NATT,B(fm)=  26064.5742 1894  4.25674534
  
  EVENT  99, RUN  1
 #impact parameter,nlop,ncolt=  3.39169526 0 401
 satisfied:EATT(GeV),NATT,B(fm)=  26112.9512 2482  3.39169526
  
  EVENT  100, RUN  1
 #impact parameter,nlop,ncolt=  7.91066313 0 149
 satisfied:EATT(GeV),NATT,B(fm)=  26090.4395 1394  7.91066313
  
  EVENT  101, RUN  1
 #impact parameter,nlop,ncolt=  1.35112655 0 395
 satisfied:EATT(GeV),NATT,B(fm)=  26110.4277 2810  1.35112655
  
  EVENT  102, RUN  1
 #impact parameter,nlop,ncolt=  6.02534962 0 169
 satisfied:EATT(GeV),NATT,B(fm)=  26043.9863 1404  6.02534962
  
  EVENT  103, RUN  1
 #impact parameter,nlop,ncolt=  6.5554409 0 141
 satisfied:EATT(GeV),NATT,B(fm)=  26061.9258 1330  6.5554409
  
  EVENT  104, RUN  1
 #impact parameter,nlop,ncolt=  5.416471 0 225
 satisfied:EATT(GeV),NATT,B(fm)=  26065.8086 1748  5.416471
  
  EVENT  105, RUN  1
 #impact parameter,nlop,ncolt=  7.46673155 0 104
 satisfied:EATT(GeV),NATT,B(fm)=  26051.4746 1064  7.46673155
  
  EVENT  106, RUN  1
 #impact parameter,nlop,ncolt=  1.7613709 0 398
 satisfied:EATT(GeV),NATT,B(fm)=  26096.2324 2659  1.7613709
  
  EVENT  107, RUN  1
 #impact parameter,nlop,ncolt=  7.76415968 0 75
 satisfied:EATT(GeV),NATT,B(fm)=  26089.8516 1015  7.76415968
  
  EVENT  108, RUN  1
 #impact parameter,nlop,ncolt=  0.791138828 0 473
 satisfied:EATT(GeV),NATT,B(fm)=  26123.9941 2968  0.791138828
  
  EVENT  109, RUN  1
 #impact parameter,nlop,ncolt=  7.21684504 0 116
 satisfied:EATT(GeV),NATT,B(fm)=  26065.9102 1343  7.21684504
  
  EVENT  110, RUN  1
 #impact parameter,nlop,ncolt=  3.99924111 0 318
 satisfied:EATT(GeV),NATT,B(fm)=  26106.0371 2310  3.99924111
  
  EVENT  111, RUN  1
 #impact parameter,nlop,ncolt=  5.25084972 0 281
 satisfied:EATT(GeV),NATT,B(fm)=  26079.8516 2042  5.25084972
  
  EVENT  112, RUN  1
 #impact parameter,nlop,ncolt=  4.70575476 0 229
 satisfied:EATT(GeV),NATT,B(fm)=  26059.9141 1923  4.70575476
  
  EVENT  113, RUN  1
 #impact parameter,nlop,ncolt=  6.27438879 0 124
 satisfied:EATT(GeV),NATT,B(fm)=  26062.3223 1364  6.27438879
  
  EVENT  114, RUN  1
 #impact parameter,nlop,ncolt=  7.95277882 0 101
 satisfied:EATT(GeV),NATT,B(fm)=  26083.9941 959  7.95277882
  
  EVENT  115, RUN  1
 #impact parameter,nlop,ncolt=  6.07561445 0 202
 satisfied:EATT(GeV),NATT,B(fm)=  26087.8145 1732  6.07561445
  
  EVENT  116, RUN  1
 #impact parameter,nlop,ncolt=  5.47877312 0 230
 satisfied:EATT(GeV),NATT,B(fm)=  26092.1016 1789  5.47877312
  
  EVENT  117, RUN  1
 #impact parameter,nlop,ncolt=  3.64789081 0 255
 satisfied:EATT(GeV),NATT,B(fm)=  26101.8574 2090  3.64789081
  
  EVENT  118, RUN  1
 #impact parameter,nlop,ncolt=  3.87135053 0 364
 satisfied:EATT(GeV),NATT,B(fm)=  26137.3906 2566  3.87135053
  
  EVENT  119, RUN  1
 #impact parameter,nlop,ncolt=  6.44946289 0 167
 satisfied:EATT(GeV),NATT,B(fm)=  26088.459 1557  6.44946289
  
  EVENT  120, RUN  1
 #impact parameter,nlop,ncolt=  6.53286982 0 166
 satisfied:EATT(GeV),NATT,B(fm)=  26085.2051 1590  6.53286982
  
  EVENT  121, RUN  1
 #impact parameter,nlop,ncolt=  2.89726591 0 294
 satisfied:EATT(GeV),NATT,B(fm)=  26075.3457 2308  2.89726591
  
  EVENT  122, RUN  1
 #impact parameter,nlop,ncolt=  7.07332134 0 150
 satisfied:EATT(GeV),NATT,B(fm)=  26052.75 1334  7.07332134
  
  EVENT  123, RUN  1
 #impact parameter,nlop,ncolt=  5.74548912 0 196
 satisfied:EATT(GeV),NATT,B(fm)=  26082.123 1530  5.74548912
  
  EVENT  124, RUN  1
 #impact parameter,nlop,ncolt=  4.57275152 0 260
 satisfied:EATT(GeV),NATT,B(fm)=  26108.9824 2017  4.57275152
  
  EVENT  125, RUN  1
 #impact parameter,nlop,ncolt=  7.86049175 0 92
 satisfied:EATT(GeV),NATT,B(fm)=  26058.7754 1043  7.86049175
  
  EVENT  126, RUN  1
 #impact parameter,nlop,ncolt=  2.41935968 0 424
 satisfied:EATT(GeV),NATT,B(fm)=  26115.8457 2723  2.41935968
  
  EVENT  127, RUN  1
 #impact parameter,nlop,ncolt=  2.54811311 0 375
 satisfied:EATT(GeV),NATT,B(fm)=  26112.5508 2505  2.54811311
  
  EVENT  128, RUN  1
 #impact parameter,nlop,ncolt=  4.83414078 0 272
 satisfied:EATT(GeV),NATT,B(fm)=  26075.668 1936  4.83414078
  
  EVENT  129, RUN  1
 #impact parameter,nlop,ncolt=  5.53224611 0 217
 satisfied:EATT(GeV),NATT,B(fm)=  26095.9727 1717  5.53224611
  
  EVENT  130, RUN  1
 #impact parameter,nlop,ncolt=  1.67761075 0 421
 satisfied:EATT(GeV),NATT,B(fm)=  26143.2129 2756  1.67761075
  
  EVENT  131, RUN  1
 #impact parameter,nlop,ncolt=  3.02033329 0 336
 satisfied:EATT(GeV),NATT,B(fm)=  26098.9434 2324  3.02033329
  
  EVENT  132, RUN  1
 #impact parameter,nlop,ncolt=  4.55239439 0 269
 satisfied:EATT(GeV),NATT,B(fm)=  26105.3809 1864  4.55239439
  
  EVENT  133, RUN  1
 #impact parameter,nlop,ncolt=  3.33178401 0 336
 satisfied:EATT(GeV),NATT,B(fm)=  26118.8555 2256  3.33178401
  
  EVENT  134, RUN  1
 #impact parameter,nlop,ncolt=  7.61975098 0 86
 satisfied:EATT(GeV),NATT,B(fm)=  26078. 1032  7.61975098
  
  EVENT  135, RUN  1
 #impact parameter,nlop,ncolt=  5.41379786 0 181
 satisfied:EATT(GeV),NATT,B(fm)=  26098.5176 1561  5.41379786
  
  EVENT  136, RUN  1
 #impact parameter,nlop,ncolt=  6.26483965 0 125
 satisfied:EATT(GeV),NATT,B(fm)=  26052.3281 1363  6.26483965
  
  EVENT  137, RUN  1
 #impact parameter,nlop,ncolt=  7.39156246 0 90
 satisfied:EATT(GeV),NATT,B(fm)=  26067.3203 1117  7.39156246
  
  EVENT  138, RUN  1
 #impact parameter,nlop,ncolt=  5.4674077 0 210
 satisfied:EATT(GeV),NATT,B(fm)=  26089.834 1719  5.4674077
  
  EVENT  139, RUN  1
 #impact parameter,nlop,ncolt=  7.47121096 0 140
 satisfied:EATT(GeV),NATT,B(fm)=  26066.5664 1239  7.47121096
  
  EVENT  140, RUN  1
 #impact parameter,nlop,ncolt=  6.16754484 0 168
 satisfied:EATT(GeV),NATT,B(fm)=  26062.5605 1486  6.16754484
  
  EVENT  141, RUN  1
 #impact parameter,nlop,ncolt=  6.53120184 0 132
 satisfied:EATT(GeV),NATT,B(fm)=  26066.1914 1263  6.53120184
  
  EVENT  142, RUN  1
 #impact parameter,nlop,ncolt=  4.65483189 0 269
 satisfied:EATT(GeV),NATT,B(fm)=  26078.3027 2165  4.65483189
  
  EVENT  143, RUN  1
 #impact parameter,nlop,ncolt=  6.78872156 0 121
 satisfied:EATT(GeV),NATT,B(fm)=  26090.5605 1289  6.78872156
  
  EVENT  144, RUN  1
 #impact parameter,nlop,ncolt=  7.88225794 0 93
 satisfied:EATT(GeV),NATT,B(fm)=  26068.7246 1002  7.88225794
  
  EVENT  145, RUN  1
 #impact parameter,nlop,ncolt=  2.34431911 0 361
 satisfied:EATT(GeV),NATT,B(fm)=  26086.4922 2296  2.34431911
  
  EVENT  146, RUN  1
 #impact parameter,nlop,ncolt=  6.64254045 0 160
 satisfied:EATT(GeV),NATT,B(fm)=  26089.127 1524  6.64254045
  
  EVENT  147, RUN  1
 #impact parameter,nlop,ncolt=  7.8134141 0 76
 satisfied:EATT(GeV),NATT,B(fm)=  26072.1699 1004  7.8134141
  
  EVENT  148, RUN  1
 #impact parameter,nlop,ncolt=  7.40490103 0 99
 satisfied:EATT(GeV),NATT,B(fm)=  26069.4688 1047  7.40490103
  
  EVENT  149, RUN  1
 #impact parameter,nlop,ncolt=  7.96457434 0 73
 satisfied:EATT(GeV),NATT,B(fm)=  26078.6738 891  7.96457434
  
  EVENT  150, RUN  1
 #impact parameter,nlop,ncolt=  6.55029774 0 114
 satisfied:EATT(GeV),NATT,B(fm)=  26095.4277 1154  6.55029774
  
  EVENT  151, RUN  1
 #impact parameter,nlop,ncolt=  6.38645601 0 129
 satisfied:EATT(GeV),NATT,B(fm)=  26068.8848 1282  6.38645601
  
  EVENT  152, RUN  1
 #impact parameter,nlop,ncolt=  6.39514446 0 106
 satisfied:EATT(GeV),NATT,B(fm)=  26055.9512 1023  6.39514446
  
  EVENT  153, RUN  1
 #impact parameter,nlop,ncolt=  7.330513 0 108
 satisfied:EATT(GeV),NATT,B(fm)=  26077.5781 1154  7.330513
  
  EVENT  154, RUN  1
 #impact parameter,nlop,ncolt=  5.19265079 0 205
 satisfied:EATT(GeV),NATT,B(fm)=  26079.0254 1845  5.19265079
  
  EVENT  155, RUN  1
 #impact parameter,nlop,ncolt=  6.03937292 0 150
 satisfied:EATT(GeV),NATT,B(fm)=  26048.834 1348  6.03937292
  
  EVENT  156, RUN  1
 #impact parameter,nlop,ncolt=  1.60123217 0 512
 satisfied:EATT(GeV),NATT,B(fm)=  26106.4727 2885  1.60123217
  
  EVENT  157, RUN  1
 #impact parameter,nlop,ncolt=  3.53354907 0 339
 satisfied:EATT(GeV),NATT,B(fm)=  26062.4727 2234  3.53354907
  
  EVENT  158, RUN  1
 #impact parameter,nlop,ncolt=  2.40762067 0 403
 satisfied:EATT(GeV),NATT,B(fm)=  26117.7402 2404  2.40762067
  
  EVENT  159, RUN  1
 #impact parameter,nlop,ncolt=  6.52059174 0 144
 satisfied:EATT(GeV),NATT,B(fm)=  26078.2441 1357  6.52059174
  
  EVENT  160, RUN  1
 #impact parameter,nlop,ncolt=  7.31045151 0 116
 satisfied:EATT(GeV),NATT,B(fm)=  26058.7969 1125  7.31045151
  
  EVENT  161, RUN  1
 #impact parameter,nlop,ncolt=  5.75599384 0 184
 satisfied:EATT(GeV),NATT,B(fm)=  26072.5547 1358  5.75599384
  
  EVENT  162, RUN  1
 #impact parameter,nlop,ncolt=  4.82930374 0 282
 satisfied:EATT(GeV),NATT,B(fm)=  26110.7598 2013  4.82930374
  
  EVENT  163, RUN  1
 #impact parameter,nlop,ncolt=  7.48033619 0 94
 satisfied:EATT(GeV),NATT,B(fm)=  26078.1094 1021  7.48033619
  
  EVENT  164, RUN  1
 #impact parameter,nlop,ncolt=  6.73190594 0 158
 satisfied:EATT(GeV),NATT,B(fm)=  26099.6523 1431  6.73190594
  
  EVENT  165, RUN  1
 #impact parameter,nlop,ncolt=  4.4913106 0 288
 satisfied:EATT(GeV),NATT,B(fm)=  26063.8301 2097  4.4913106
  
  EVENT  166, RUN  1
 #impact parameter,nlop,ncolt=  3.59667993 0 308
 satisfied:EATT(GeV),NATT,B(fm)=  26078.4219 2173  3.59667993
  
  EVENT  167, RUN  1
 #impact parameter,nlop,ncolt=  2.95717692 0 405
 satisfied:EATT(GeV),NATT,B(fm)=  26124.4277 2471  2.95717692
  
  EVENT  168, RUN  1
 #impact parameter,nlop,ncolt=  6.75895882 0 144
 satisfied:EATT(GeV),NATT,B(fm)=  26078.6914 1229  6.75895882
  
  EVENT  169, RUN  1
 #impact parameter,nlop,ncolt=  7.66491556 0 78
 satisfied:EATT(GeV),NATT,B(fm)=  26079.1348 878  7.66491556
  
  EVENT  170, RUN  1
 #impact parameter,nlop,ncolt=  5.50119543 0 221
 satisfied:EATT(GeV),NATT,B(fm)=  26082.082 1727  5.50119543
  
  EVENT  171, RUN  1
 #impact parameter,nlop,ncolt=  6.71815681 0 137
 satisfied:EATT(GeV),NATT,B(fm)=  26063.8027 1282  6.71815681
  
  EVENT  172, RUN  1
 #impact parameter,nlop,ncolt=  2.26443911 0 384
 satisfied:EATT(GeV),NATT,B(fm)=  26113.8711 2700  2.26443911
  
  EVENT  173, RUN  1
 #impact parameter,nlop,ncolt=  5.99825668 0 190
 satisfied:EATT(GeV),NATT,B(fm)=  26058.2988 1447  5.99825668
  
  EVENT  174, RUN  1
 #impact parameter,nlop,ncolt=  6.68395615 0 166
 satisfied:EATT(GeV),NATT,B(fm)=  26090.3711 1492  6.68395615
  
  EVENT  175, RUN  1
 #impact parameter,nlop,ncolt=  2.18355465 0 382
 satisfied:EATT(GeV),NATT,B(fm)=  26189.4531 2572  2.18355465
  
  EVENT  176, RUN  1
 #impact parameter,nlop,ncolt=  6.65751839 0 128
 satisfied:EATT(GeV),NATT,B(fm)=  26058.918 1169  6.65751839
  
  EVENT  177, RUN  1
 #impact parameter,nlop,ncolt=  3.37409019 0 314
 satisfied:EATT(GeV),NATT,B(fm)=  26101.8496 2116  3.37409019
  
  EVENT  178, RUN  1
 #impact parameter,nlop,ncolt=  6.27183485 0 155
 satisfied:EATT(GeV),NATT,B(fm)=  26076.1016 1583  6.27183485
  
  EVENT  179, RUN  1
 #impact parameter,nlop,ncolt=  7.56338358 0 125
 satisfied:EATT(GeV),NATT,B(fm)=  26071.0215 1129  7.56338358
  
  EVENT  180, RUN  1
 #impact parameter,nlop,ncolt=  7.74812651 0 109
 satisfied:EATT(GeV),NATT,B(fm)=  26098.4922 1267  7.74812651
  
  EVENT  181, RUN  1
 #impact parameter,nlop,ncolt=  7.06831694 0 125
 satisfied:EATT(GeV),NATT,B(fm)=  26073.4277 1049  7.06831694
  
  EVENT  182, RUN  1
 #impact parameter,nlop,ncolt=  6.16026449 0 189
 satisfied:EATT(GeV),NATT,B(fm)=  26058.209 1415  6.16026449
  
  EVENT  183, RUN  1
 #impact parameter,nlop,ncolt=  4.28888655 0 328
 satisfied:EATT(GeV),NATT,B(fm)=  26103.8066 2247  4.28888655
  
  EVENT  184, RUN  1
 #impact parameter,nlop,ncolt=  3.36300254 0 307
 satisfied:EATT(GeV),NATT,B(fm)=  26113.8359 2232  3.36300254
  
  EVENT  185, RUN  1
 #impact parameter,nlop,ncolt=  7.12579012 0 90
 satisfied:EATT(GeV),NATT,B(fm)=  26069.666 957  7.12579012
  
  EVENT  186, RUN  1
 #impact parameter,nlop,ncolt=  7.83146381 0 107
 satisfied:EATT(GeV),NATT,B(fm)=  26091.916 1197  7.83146381
  
  EVENT  187, RUN  1
 #impact parameter,nlop,ncolt=  2.03800201 0 455
 satisfied:EATT(GeV),NATT,B(fm)=  26106.0059 2804  2.03800201
  
  EVENT  188, RUN  1
 #impact parameter,nlop,ncolt=  5.13009548 0 188
 satisfied:EATT(GeV),NATT,B(fm)=  26081.5527 1765  5.13009548
  
  EVENT  189, RUN  1
 #impact parameter,nlop,ncolt=  4.96490526 0 236
 satisfied:EATT(GeV),NATT,B(fm)=  26071.6113 1912  4.96490526
  
  EVENT  190, RUN  1
 #impact parameter,nlop,ncolt=  3.80678701 0 326
 satisfied:EATT(GeV),NATT,B(fm)=  26103.375 2427  3.80678701
  
  EVENT  191, RUN  1
 #impact parameter,nlop,ncolt=  2.52409053 0 412
 satisfied:EATT(GeV),NATT,B(fm)=  26156.0879 2548  2.52409053
  
  EVENT  192, RUN  1
 #impact parameter,nlop,ncolt=  6.58577824 0 153
 satisfied:EATT(GeV),NATT,B(fm)=  26083.627 1261  6.58577824
  
  EVENT  193, RUN  1
 #impact parameter,nlop,ncolt=  4.01035357 0 388
 satisfied:EATT(GeV),NATT,B(fm)=  26119.2734 2506  4.01035357
  
  EVENT  194, RUN  1
 #impact parameter,nlop,ncolt=  5.70745277 0 188
 satisfied:EATT(GeV),NATT,B(fm)=  26095.2891 1529  5.70745277
  
  EVENT  195, RUN  1
 #impact parameter,nlop,ncolt=  5.48260069 0 312
 satisfied:EATT(GeV),NATT,B(fm)=  26120.4219 2235  5.48260069
  
  EVENT  196, RUN  1
 #impact parameter,nlop,ncolt=  6.41173553 0 131
 satisfied:EATT(GeV),NATT,B(fm)=  26081.7383 1363  6.41173553
  
  EVENT  197, RUN  1
 #impact parameter,nlop,ncolt=  1.05225456 0 434
 satisfied:EATT(GeV),NATT,B(fm)=  26136.5605 2835  1.05225456
  
  EVENT  198, RUN  1
 #impact parameter,nlop,ncolt=  6.57733345 0 132
 satisfied:EATT(GeV),NATT,B(fm)=  26085.5332 1460  6.57733345
  
  EVENT  199, RUN  1
 #impact parameter,nlop,ncolt=  7.24247932 0 121
 satisfied:EATT(GeV),NATT,B(fm)=  26095.7578 1367  7.24247932
  
  EVENT  200, RUN  1
 #impact parameter,nlop,ncolt=  6.10368586 0 180
  in HJANA1 
  total number of partons =  361
  total number of gluons =  345
  number of independent strings =  11
  in HJANA2 
  total number of partons =  3428
  total number of gluons =  0
  number of independent strings =  1723
 satisfied:EATT(GeV),NATT,B(fm)=  26076.8379 1345  6.10368586
  
A136
#  AMPT started at  Fri Sep 1 14:17:18 CST 2017
#  AMPT Program finished at  Fri Sep 1 14:55:16 CST 2017
